2024-10-06 19:39:13,828 - parser.parser - INFO - Получили страницу с машинами
2024-10-06 19:39:14,100 - parser.parser - INFO - Получили количество страниц
2024-10-06 19:39:14,100 - parser.parser - INFO - Получено 2984 страниц
2024-10-06 19:39:14,101 - parser.parser - INFO - Получили колличество страниц
2024-10-06 19:39:14,101 - parser.parser - INFO - Получаем все ссылки на машины
2024-10-06 19:39:14,628 - parser.parser - INFO - Получили страницу с машинами
2024-10-06 19:39:14,929 - parser.parser - INFO - Поиск ссылок на машины
2024-10-06 19:39:14,932 - parser.parser - INFO - Найдено 20
2024-10-06 19:39:15,565 - parser.parser - INFO - Получили страницу с машинами
2024-10-06 19:39:15,924 - parser.parser - INFO - Поиск ссылок на машины
2024-10-06 19:39:15,927 - parser.parser - INFO - Найдено 20
2024-10-06 19:39:16,603 - parser.parser - INFO - Получили страницу с машинами
2024-10-06 19:39:16,907 - parser.parser - INFO - Поиск ссылок на машины
2024-10-06 19:39:16,910 - parser.parser - INFO - Найдено 20
2024-10-06 19:39:17,422 - parser.parser - INFO - Получили страницу с машинами
2024-10-06 19:39:17,736 - parser.parser - INFO - Поиск ссылок на машины
2024-10-06 19:39:17,739 - parser.parser - INFO - Найдено 20
2024-10-06 19:39:18,193 - parser.parser - INFO - Получили страницу с машинами
2024-10-06 19:39:18,519 - parser.parser - INFO - Поиск ссылок на машины
2024-10-06 19:39:18,522 - parser.parser - INFO - Найдено 20
2024-10-06 19:39:18,953 - parser.parser - INFO - Получили страницу с машинами
2024-10-06 19:39:19,245 - parser.parser - INFO - Поиск ссылок на машины
2024-10-06 19:39:19,248 - parser.parser - INFO - Найдено 20
2024-10-06 19:39:19,752 - parser.parser - INFO - Получили страницу с машинами
2024-10-06 19:39:20,070 - parser.parser - INFO - Поиск ссылок на машины
2024-10-06 19:39:20,073 - parser.parser - INFO - Найдено 20
2024-10-06 19:39:20,580 - parser.parser - INFO - Получили страницу с машинами
2024-10-06 19:39:20,913 - parser.parser - INFO - Поиск ссылок на машины
2024-10-06 19:39:20,916 - parser.parser - INFO - Найдено 20
2024-10-06 19:39:21,453 - parser.parser - INFO - Получили страницу с машинами
2024-10-06 19:39:21,746 - parser.parser - INFO - Поиск ссылок на машины
2024-10-06 19:39:21,749 - parser.parser - INFO - Найдено 20
2024-10-06 19:39:22,216 - parser.parser - INFO - Получили страницу с машинами
2024-10-06 19:39:22,467 - parser.parser - INFO - Поиск ссылок на машины
2024-10-06 19:39:22,470 - parser.parser - INFO - Найдено 20
2024-10-06 19:39:22,960 - parser.parser - INFO - Получили страницу с машинами
2024-10-06 19:39:23,225 - parser.parser - INFO - Поиск ссылок на машины
2024-10-06 19:39:23,229 - parser.parser - INFO - Найдено 20
2024-10-06 19:39:23,754 - parser.parser - INFO - Получили страницу с машинами
2024-10-06 19:39:24,067 - parser.parser - INFO - Поиск ссылок на машины
2024-10-06 19:39:24,071 - parser.parser - INFO - Найдено 20
2024-10-06 19:39:24,594 - parser.parser - INFO - Получили страницу с машинами
2024-10-06 19:39:24,885 - parser.parser - INFO - Поиск ссылок на машины
2024-10-06 19:39:24,888 - parser.parser - INFO - Найдено 20
2024-10-06 19:39:25,377 - parser.parser - INFO - Получили страницу с машинами
2024-10-06 19:39:25,735 - parser.parser - INFO - Поиск ссылок на машины
2024-10-06 19:39:25,738 - parser.parser - INFO - Найдено 20
2024-10-06 19:39:26,253 - parser.parser - INFO - Получили страницу с машинами
2024-10-06 19:39:26,519 - parser.parser - INFO - Поиск ссылок на машины
2024-10-06 19:39:26,524 - parser.parser - INFO - Найдено 20
2024-10-06 19:39:27,073 - parser.parser - INFO - Получили страницу с машинами
2024-10-06 19:39:27,448 - parser.parser - INFO - Поиск ссылок на машины
2024-10-06 19:39:27,452 - parser.parser - INFO - Найдено 20
2024-10-06 19:39:27,965 - parser.parser - INFO - Получили страницу с машинами
2024-10-06 19:39:28,199 - parser.parser - INFO - Поиск ссылок на машины
2024-10-06 19:39:28,202 - parser.parser - INFO - Найдено 20
2024-10-06 19:39:28,756 - parser.parser - INFO - Получили страницу с машинами
2024-10-06 19:39:29,067 - parser.parser - INFO - Поиск ссылок на машины
2024-10-06 19:39:29,070 - parser.parser - INFO - Найдено 20
2024-10-06 19:39:29,575 - parser.parser - INFO - Получили страницу с машинами
2024-10-06 19:39:29,830 - parser.parser - INFO - Поиск ссылок на машины
2024-10-06 19:39:29,834 - parser.parser - INFO - Найдено 20
2024-10-06 19:39:30,315 - parser.parser - INFO - Получили страницу с машинами
2024-10-06 19:39:30,619 - parser.parser - INFO - Поиск ссылок на машины
2024-10-06 19:39:30,622 - parser.parser - INFO - Найдено 20
2024-10-06 19:39:31,179 - parser.parser - INFO - Получили страницу с машинами
2024-10-06 19:39:31,528 - parser.parser - INFO - Поиск ссылок на машины
2024-10-06 19:39:31,531 - parser.parser - INFO - Найдено 20
2024-10-06 19:39:31,993 - parser.parser - INFO - Получили страницу с машинами
2024-10-06 19:39:32,286 - parser.parser - INFO - Поиск ссылок на машины
2024-10-06 19:39:32,290 - parser.parser - INFO - Найдено 20
2024-10-06 19:39:32,761 - parser.parser - INFO - Получили страницу с машинами
2024-10-06 19:39:33,007 - parser.parser - INFO - Поиск ссылок на машины
2024-10-06 19:39:33,011 - parser.parser - INFO - Найдено 20
2024-10-06 19:39:33,493 - parser.parser - INFO - Получили страницу с машинами
2024-10-06 19:39:33,785 - parser.parser - INFO - Поиск ссылок на машины
2024-10-06 19:39:33,788 - parser.parser - INFO - Найдено 20
2024-10-06 19:39:34,314 - parser.parser - INFO - Получили страницу с машинами
2024-10-06 19:39:34,649 - parser.parser - INFO - Поиск ссылок на машины
2024-10-06 19:39:34,652 - parser.parser - INFO - Найдено 20
2024-10-06 19:39:35,154 - parser.parser - INFO - Получили страницу с машинами
2024-10-06 19:39:35,482 - parser.parser - INFO - Поиск ссылок на машины
2024-10-06 19:39:35,486 - parser.parser - INFO - Найдено 20
2024-10-06 19:39:36,035 - parser.parser - INFO - Получили страницу с машинами
2024-10-06 19:39:36,356 - parser.parser - INFO - Поиск ссылок на машины
2024-10-06 19:39:36,359 - parser.parser - INFO - Найдено 20
2024-10-06 19:39:36,916 - parser.parser - INFO - Получили страницу с машинами
2024-10-06 19:39:37,193 - parser.parser - INFO - Поиск ссылок на машины
2024-10-06 19:39:37,196 - parser.parser - INFO - Найдено 20
2024-10-06 19:39:37,699 - parser.parser - INFO - Получили страницу с машинами
2024-10-06 19:39:37,984 - parser.parser - INFO - Поиск ссылок на машины
2024-10-06 19:39:37,987 - parser.parser - INFO - Найдено 20
2024-10-06 19:39:38,520 - parser.parser - INFO - Получили страницу с машинами
2024-10-06 19:39:38,760 - parser.parser - INFO - Поиск ссылок на машины
2024-10-06 19:39:38,764 - parser.parser - INFO - Найдено 20
2024-10-06 19:39:39,216 - parser.parser - INFO - Получили страницу с машинами
2024-10-06 19:39:39,474 - parser.parser - INFO - Поиск ссылок на машины
2024-10-06 19:39:39,477 - parser.parser - INFO - Найдено 20
2024-10-06 19:39:39,979 - parser.parser - INFO - Получили страницу с машинами
2024-10-06 19:39:40,273 - parser.parser - INFO - Поиск ссылок на машины
2024-10-06 19:39:40,276 - parser.parser - INFO - Найдено 20
2024-10-06 19:39:40,775 - parser.parser - INFO - Получили страницу с машинами
2024-10-06 19:39:41,064 - parser.parser - INFO - Поиск ссылок на машины
2024-10-06 19:39:41,068 - parser.parser - INFO - Найдено 20
2024-10-06 19:39:41,531 - parser.parser - INFO - Получили страницу с машинами
2024-10-06 19:39:41,849 - parser.parser - INFO - Поиск ссылок на машины
2024-10-06 19:39:41,852 - parser.parser - INFO - Найдено 20
2024-10-06 19:39:42,363 - parser.parser - INFO - Получили страницу с машинами
2024-10-06 19:39:42,771 - parser.parser - INFO - Поиск ссылок на машины
2024-10-06 19:39:42,775 - parser.parser - INFO - Найдено 20
2024-10-06 19:39:43,276 - parser.parser - INFO - Получили страницу с машинами
2024-10-06 19:39:43,581 - parser.parser - INFO - Поиск ссылок на машины
2024-10-06 19:39:43,585 - parser.parser - INFO - Найдено 20
2024-10-06 19:39:44,099 - parser.parser - INFO - Получили страницу с машинами
2024-10-06 19:39:44,405 - parser.parser - INFO - Поиск ссылок на машины
2024-10-06 19:39:44,408 - parser.parser - INFO - Найдено 20
2024-10-06 19:39:44,883 - parser.parser - INFO - Получили страницу с машинами
2024-10-06 19:39:45,172 - parser.parser - INFO - Поиск ссылок на машины
2024-10-06 19:39:45,176 - parser.parser - INFO - Найдено 20
2024-10-06 19:39:45,735 - parser.parser - INFO - Получили страницу с машинами
2024-10-06 19:39:46,145 - parser.parser - INFO - Поиск ссылок на машины
2024-10-06 19:39:46,149 - parser.parser - INFO - Найдено 20
2024-10-06 19:39:46,709 - parser.parser - INFO - Получили страницу с машинами
2024-10-06 19:39:47,072 - parser.parser - INFO - Поиск ссылок на машины
2024-10-06 19:39:47,076 - parser.parser - INFO - Найдено 20
2024-10-06 19:39:47,644 - parser.parser - INFO - Получили страницу с машинами
2024-10-06 19:39:47,965 - parser.parser - INFO - Поиск ссылок на машины
2024-10-06 19:39:47,969 - parser.parser - INFO - Найдено 20
2024-10-06 19:39:48,431 - parser.parser - INFO - Получили страницу с машинами
2024-10-06 19:39:48,759 - parser.parser - INFO - Поиск ссылок на машины
2024-10-06 19:39:48,763 - parser.parser - INFO - Найдено 20
2024-10-06 19:39:49,281 - parser.parser - INFO - Получили страницу с машинами
2024-10-06 19:39:49,569 - parser.parser - INFO - Поиск ссылок на машины
2024-10-06 19:39:49,572 - parser.parser - INFO - Найдено 20
2024-10-06 19:39:50,038 - parser.parser - INFO - Получили страницу с машинами
2024-10-06 19:39:50,335 - parser.parser - INFO - Поиск ссылок на машины
2024-10-06 19:39:50,338 - parser.parser - INFO - Найдено 20
