2024-10-17T17:01:59.069433+0300 | INFO | Старт
2024-10-17T17:01:59.069701+0300 | INFO | Запуск программы
2024-10-17T17:01:59.069772+0300 | INFO | Запуск в 100 процессов
2024-10-17T17:01:59.069828+0300 | ERROR | Папка уже существует
2024-10-17T17:01:59.071840+0300 | INFO | Файл parse.csv создан
2024-10-17T17:01:59.072008+0300 | INFO | Получаем колличество страниц
2024-10-17T17:01:59.922140+0300 | INFO | Получено страниц - 2978
2024-10-17T17:01:59.922749+0300 | INFO | Получаем ссылки на машины
2024-10-17T17:02:00.549402+0300 | INFO | Ссылка получена https://carskorea.shop/car/view/1186410
2024-10-17T17:02:00.549581+0300 | INFO | Ссылка получена https://carskorea.shop/car/view/1186092
2024-10-17T17:02:00.549641+0300 | INFO | Ссылка получена https://carskorea.shop/car/view/1185439
2024-10-17T17:02:00.549688+0300 | INFO | Ссылка получена https://carskorea.shop/car/view/1184606
2024-10-17T17:02:00.549731+0300 | INFO | Ссылка получена https://carskorea.shop/car/view/1184284
2024-10-17T17:02:00.549776+0300 | INFO | Ссылка получена https://carskorea.shop/car/view/1183507
2024-10-17T17:02:00.549816+0300 | INFO | Ссылка получена https://carskorea.shop/car/view/1183181
2024-10-17T17:02:00.549856+0300 | INFO | Ссылка получена https://carskorea.shop/car/view/1182674
2024-10-17T17:02:00.549895+0300 | INFO | Ссылка получена https://carskorea.shop/car/view/1182586
2024-10-17T17:02:00.549935+0300 | INFO | Ссылка получена https://carskorea.shop/car/view/1181929
2024-10-17T17:02:00.549974+0300 | INFO | Ссылка получена https://carskorea.shop/car/view/1181672
2024-10-17T17:02:00.550013+0300 | INFO | Ссылка получена https://carskorea.shop/car/view/1181214
2024-10-17T17:02:00.550052+0300 | INFO | Ссылка получена https://carskorea.shop/car/view/1180515
2024-10-17T17:02:00.550103+0300 | INFO | Ссылка получена https://carskorea.shop/car/view/1180461
2024-10-17T17:02:00.550144+0300 | INFO | Ссылка получена https://carskorea.shop/car/view/1180202
2024-10-17T17:02:00.550186+0300 | INFO | Ссылка получена https://carskorea.shop/car/view/1180101
2024-10-17T17:02:00.550238+0300 | INFO | Ссылка получена https://carskorea.shop/car/view/1179242
2024-10-17T17:02:00.550283+0300 | INFO | Ссылка получена https://carskorea.shop/car/view/1179241
2024-10-17T17:02:00.550334+0300 | INFO | Ссылка получена https://carskorea.shop/car/view/1177889
2024-10-17T17:02:00.550392+0300 | INFO | Ссылка получена https://carskorea.shop/car/view/1177184
2024-10-17T17:02:01.165966+0300 | INFO | Ссылка получена https://carskorea.shop/car/view/1177077
2024-10-17T17:02:01.166133+0300 | INFO | Ссылка получена https://carskorea.shop/car/view/1177002
2024-10-17T17:02:01.166192+0300 | INFO | Ссылка получена https://carskorea.shop/car/view/1176836
2024-10-17T17:02:01.166240+0300 | INFO | Ссылка получена https://carskorea.shop/car/view/1175988
2024-10-17T17:02:01.166282+0300 | INFO | Ссылка получена https://carskorea.shop/car/view/1175769
2024-10-17T17:02:01.166323+0300 | INFO | Ссылка получена https://carskorea.shop/car/view/1175559
2024-10-17T17:02:01.166362+0300 | INFO | Ссылка получена https://carskorea.shop/car/view/1175507
2024-10-17T17:02:01.166402+0300 | INFO | Ссылка получена https://carskorea.shop/car/view/1175495
2024-10-17T17:02:01.166442+0300 | INFO | Ссылка получена https://carskorea.shop/car/view/1175098
2024-10-17T17:02:01.166487+0300 | INFO | Ссылка получена https://carskorea.shop/car/view/1174902
2024-10-17T17:02:01.166544+0300 | INFO | Ссылка получена https://carskorea.shop/car/view/1174397
2024-10-17T17:02:01.166594+0300 | INFO | Ссылка получена https://carskorea.shop/car/view/1174360
2024-10-17T17:02:01.166657+0300 | INFO | Ссылка получена https://carskorea.shop/car/view/1173906
2024-10-17T17:02:01.166717+0300 | INFO | Ссылка получена https://carskorea.shop/car/view/1173644
2024-10-17T17:02:01.166765+0300 | INFO | Ссылка получена https://carskorea.shop/car/view/1172753
2024-10-17T17:02:01.166803+0300 | INFO | Ссылка получена https://carskorea.shop/car/view/1172305
2024-10-17T17:02:01.166844+0300 | INFO | Ссылка получена https://carskorea.shop/car/view/1172132
2024-10-17T17:02:01.166885+0300 | INFO | Ссылка получена https://carskorea.shop/car/view/1171649
2024-10-17T17:02:01.166931+0300 | INFO | Ссылка получена https://carskorea.shop/car/view/1171582
2024-10-17T17:02:01.166985+0300 | INFO | Ссылка получена https://carskorea.shop/car/view/1171301
2024-10-17T17:02:02.052764+0300 | INFO | Ссылка получена https://carskorea.shop/car/view/1169987
2024-10-17T17:02:02.052925+0300 | INFO | Ссылка получена https://carskorea.shop/car/view/1169619
2024-10-17T17:02:02.052983+0300 | INFO | Ссылка получена https://carskorea.shop/car/view/1169552
2024-10-17T17:02:02.053028+0300 | INFO | Ссылка получена https://carskorea.shop/car/view/1169184
2024-10-17T17:02:02.053067+0300 | INFO | Ссылка получена https://carskorea.shop/car/view/1168747
2024-10-17T17:02:02.053107+0300 | INFO | Ссылка получена https://carskorea.shop/car/view/1168744
2024-10-17T17:02:02.053145+0300 | INFO | Ссылка получена https://carskorea.shop/car/view/1168403
2024-10-17T17:02:02.053181+0300 | INFO | Ссылка получена https://carskorea.shop/car/view/1166184
2024-10-17T17:02:02.053219+0300 | INFO | Ссылка получена https://carskorea.shop/car/view/1166042
2024-10-17T17:02:02.053257+0300 | INFO | Ссылка получена https://carskorea.shop/car/view/1165517
2024-10-17T17:02:02.053297+0300 | INFO | Ссылка получена https://carskorea.shop/car/view/1165037
2024-10-17T17:02:02.053343+0300 | INFO | Ссылка получена https://carskorea.shop/car/view/1164838
2024-10-17T17:02:02.053400+0300 | INFO | Ссылка получена https://carskorea.shop/car/view/1164393
2024-10-17T17:02:02.053445+0300 | INFO | Ссылка получена https://carskorea.shop/car/view/1163951
2024-10-17T17:02:02.053484+0300 | INFO | Ссылка получена https://carskorea.shop/car/view/1163742
2024-10-17T17:02:02.053538+0300 | INFO | Ссылка получена https://carskorea.shop/car/view/1163735
2024-10-17T17:02:02.053584+0300 | INFO | Ссылка получена https://carskorea.shop/car/view/1163660
2024-10-17T17:02:02.053631+0300 | INFO | Ссылка получена https://carskorea.shop/car/view/1163505
2024-10-17T17:02:02.053674+0300 | INFO | Ссылка получена https://carskorea.shop/car/view/1163498
2024-10-17T17:02:02.053717+0300 | INFO | Ссылка получена https://carskorea.shop/car/view/1163310
2024-10-17T17:02:02.761519+0300 | INFO | Ссылка получена https://carskorea.shop/car/view/1161733
2024-10-17T17:02:02.761683+0300 | INFO | Ссылка получена https://carskorea.shop/car/view/1161502
2024-10-17T17:02:02.761741+0300 | INFO | Ссылка получена https://carskorea.shop/car/view/1160686
2024-10-17T17:02:02.761788+0300 | INFO | Ссылка получена https://carskorea.shop/car/view/1160613
2024-10-17T17:02:02.761829+0300 | INFO | Ссылка получена https://carskorea.shop/car/view/1160547
2024-10-17T17:02:02.761870+0300 | INFO | Ссылка получена https://carskorea.shop/car/view/1159899
2024-10-17T17:02:02.761913+0300 | INFO | Ссылка получена https://carskorea.shop/car/view/1159845
2024-10-17T17:02:02.761952+0300 | INFO | Ссылка получена https://carskorea.shop/car/view/1158485
2024-10-17T17:02:02.761992+0300 | INFO | Ссылка получена https://carskorea.shop/car/view/1158462
2024-10-17T17:02:02.762040+0300 | INFO | Ссылка получена https://carskorea.shop/car/view/1158292
2024-10-17T17:02:02.762078+0300 | INFO | Ссылка получена https://carskorea.shop/car/view/1156029
2024-10-17T17:02:02.762127+0300 | INFO | Ссылка получена https://carskorea.shop/car/view/1155658
2024-10-17T17:02:02.762169+0300 | INFO | Ссылка получена https://carskorea.shop/car/view/1154747
2024-10-17T17:02:02.762207+0300 | INFO | Ссылка получена https://carskorea.shop/car/view/1154573
2024-10-17T17:02:02.762257+0300 | INFO | Ссылка получена https://carskorea.shop/car/view/1152846
2024-10-17T17:02:02.762298+0300 | INFO | Ссылка получена https://carskorea.shop/car/view/1151331
2024-10-17T17:02:02.762347+0300 | INFO | Ссылка получена https://carskorea.shop/car/view/1149273
2024-10-17T17:02:02.762408+0300 | INFO | Ссылка получена https://carskorea.shop/car/view/1148966
2024-10-17T17:02:02.762453+0300 | INFO | Ссылка получена https://carskorea.shop/car/view/1148560
2024-10-17T17:02:02.762496+0300 | INFO | Ссылка получена https://carskorea.shop/car/view/1147788
2024-10-17T17:02:03.450195+0300 | INFO | Ссылка получена https://carskorea.shop/car/view/1147395
2024-10-17T17:02:03.450374+0300 | INFO | Ссылка получена https://carskorea.shop/car/view/1146098
2024-10-17T17:02:03.450433+0300 | INFO | Ссылка получена https://carskorea.shop/car/view/1146078
2024-10-17T17:02:03.450477+0300 | INFO | Ссылка получена https://carskorea.shop/car/view/1145983
2024-10-17T17:02:03.450531+0300 | INFO | Ссылка получена https://carskorea.shop/car/view/1145850
2024-10-17T17:02:03.450570+0300 | INFO | Ссылка получена https://carskorea.shop/car/view/1145148
2024-10-17T17:02:03.450608+0300 | INFO | Ссылка получена https://carskorea.shop/car/view/1144842
2024-10-17T17:02:03.450645+0300 | INFO | Ссылка получена https://carskorea.shop/car/view/1144078
2024-10-17T17:02:03.450684+0300 | INFO | Ссылка получена https://carskorea.shop/car/view/1140456
2024-10-17T17:02:03.450721+0300 | INFO | Ссылка получена https://carskorea.shop/car/view/1140454
2024-10-17T17:02:03.450776+0300 | INFO | Ссылка получена https://carskorea.shop/car/view/1140344
2024-10-17T17:02:03.450824+0300 | INFO | Ссылка получена https://carskorea.shop/car/view/1140192
2024-10-17T17:02:03.450876+0300 | INFO | Ссылка получена https://carskorea.shop/car/view/1139538
2024-10-17T17:02:03.450915+0300 | INFO | Ссылка получена https://carskorea.shop/car/view/1139270
2024-10-17T17:02:03.450958+0300 | INFO | Ссылка получена https://carskorea.shop/car/view/1138222
2024-10-17T17:02:03.451002+0300 | INFO | Ссылка получена https://carskorea.shop/car/view/1136894
2024-10-17T17:02:03.451049+0300 | INFO | Ссылка получена https://carskorea.shop/car/view/1136113
2024-10-17T17:02:03.451095+0300 | INFO | Ссылка получена https://carskorea.shop/car/view/1135338
2024-10-17T17:02:03.451145+0300 | INFO | Ссылка получена https://carskorea.shop/car/view/1135204
2024-10-17T17:02:03.451196+0300 | INFO | Ссылка получена https://carskorea.shop/car/view/1135085
2024-10-17T17:02:04.071790+0300 | INFO | Ссылка получена https://carskorea.shop/car/view/1134497
2024-10-17T17:02:04.071964+0300 | INFO | Ссылка получена https://carskorea.shop/car/view/1134310
2024-10-17T17:02:04.072020+0300 | INFO | Ссылка получена https://carskorea.shop/car/view/1134307
2024-10-17T17:02:04.072064+0300 | INFO | Ссылка получена https://carskorea.shop/car/view/1134305
2024-10-17T17:02:04.072104+0300 | INFO | Ссылка получена https://carskorea.shop/car/view/1133713
2024-10-17T17:02:04.072146+0300 | INFO | Ссылка получена https://carskorea.shop/car/view/1133692
2024-10-17T17:02:04.072209+0300 | INFO | Ссылка получена https://carskorea.shop/car/view/1132356
2024-10-17T17:02:04.072262+0300 | INFO | Ссылка получена https://carskorea.shop/car/view/1132337
2024-10-17T17:02:04.072302+0300 | INFO | Ссылка получена https://carskorea.shop/car/view/1130738
2024-10-17T17:02:04.072341+0300 | INFO | Ссылка получена https://carskorea.shop/car/view/1130527
2024-10-17T17:02:04.072378+0300 | INFO | Ссылка получена https://carskorea.shop/car/view/1130117
2024-10-17T17:02:04.072425+0300 | INFO | Ссылка получена https://carskorea.shop/car/view/1129906
2024-10-17T17:02:04.072483+0300 | INFO | Ссылка получена https://carskorea.shop/car/view/1129733
2024-10-17T17:02:04.072549+0300 | INFO | Ссылка получена https://carskorea.shop/car/view/1129731
2024-10-17T17:02:04.072596+0300 | INFO | Ссылка получена https://carskorea.shop/car/view/1129730
2024-10-17T17:02:04.072636+0300 | INFO | Ссылка получена https://carskorea.shop/car/view/1129723
2024-10-17T17:02:04.072674+0300 | INFO | Ссылка получена https://carskorea.shop/car/view/1129721
2024-10-17T17:02:04.072719+0300 | INFO | Ссылка получена https://carskorea.shop/car/view/1129566
2024-10-17T17:02:04.072767+0300 | INFO | Ссылка получена https://carskorea.shop/car/view/1128629
2024-10-17T17:02:04.072811+0300 | INFO | Ссылка получена https://carskorea.shop/car/view/1128547
2024-10-17T17:02:04.695578+0300 | INFO | Ссылка получена https://carskorea.shop/car/view/1128484
2024-10-17T17:02:04.695743+0300 | INFO | Ссылка получена https://carskorea.shop/car/view/1127452
2024-10-17T17:02:04.695793+0300 | INFO | Ссылка получена https://carskorea.shop/car/view/1127434
2024-10-17T17:02:04.695833+0300 | INFO | Ссылка получена https://carskorea.shop/car/view/1127014
2024-10-17T17:02:04.695871+0300 | INFO | Ссылка получена https://carskorea.shop/car/view/1124948
2024-10-17T17:02:04.695909+0300 | INFO | Ссылка получена https://carskorea.shop/car/view/1124657
2024-10-17T17:02:04.695946+0300 | INFO | Ссылка получена https://carskorea.shop/car/view/1123115
2024-10-17T17:02:04.695990+0300 | INFO | Ссылка получена https://carskorea.shop/car/view/1121957
2024-10-17T17:02:04.696047+0300 | INFO | Ссылка получена https://carskorea.shop/car/view/1121762
2024-10-17T17:02:04.696098+0300 | INFO | Ссылка получена https://carskorea.shop/car/view/1121558
2024-10-17T17:02:04.696151+0300 | INFO | Ссылка получена https://carskorea.shop/car/view/1121515
2024-10-17T17:02:04.696203+0300 | INFO | Ссылка получена https://carskorea.shop/car/view/1118120
2024-10-17T17:02:04.696266+0300 | INFO | Ссылка получена https://carskorea.shop/car/view/1117842
2024-10-17T17:02:04.696329+0300 | INFO | Ссылка получена https://carskorea.shop/car/view/1116863
2024-10-17T17:02:04.696382+0300 | INFO | Ссылка получена https://carskorea.shop/car/view/1116718
2024-10-17T17:02:04.696440+0300 | INFO | Ссылка получена https://carskorea.shop/car/view/1116583
2024-10-17T17:02:04.696492+0300 | INFO | Ссылка получена https://carskorea.shop/car/view/1115559
2024-10-17T17:02:04.696570+0300 | INFO | Ссылка получена https://carskorea.shop/car/view/1113687
2024-10-17T17:02:04.696627+0300 | INFO | Ссылка получена https://carskorea.shop/car/view/1112662
2024-10-17T17:02:04.696682+0300 | INFO | Ссылка получена https://carskorea.shop/car/view/1112159
2024-10-17T17:02:05.389344+0300 | INFO | Ссылка получена https://carskorea.shop/car/view/1110408
2024-10-17T17:02:05.389515+0300 | INFO | Ссылка получена https://carskorea.shop/car/view/1108846
2024-10-17T17:02:05.389581+0300 | INFO | Ссылка получена https://carskorea.shop/car/view/1108144
2024-10-17T17:02:05.389639+0300 | INFO | Ссылка получена https://carskorea.shop/car/view/1104488
2024-10-17T17:02:05.389692+0300 | INFO | Ссылка получена https://carskorea.shop/car/view/1103246
2024-10-17T17:02:05.389748+0300 | INFO | Ссылка получена https://carskorea.shop/car/view/1103135
2024-10-17T17:02:05.389803+0300 | INFO | Ссылка получена https://carskorea.shop/car/view/1102490
2024-10-17T17:02:05.389857+0300 | INFO | Ссылка получена https://carskorea.shop/car/view/1101734
2024-10-17T17:02:05.389913+0300 | INFO | Ссылка получена https://carskorea.shop/car/view/1100795
2024-10-17T17:02:05.389967+0300 | INFO | Ссылка получена https://carskorea.shop/car/view/1094890
2024-10-17T17:02:05.390023+0300 | INFO | Ссылка получена https://carskorea.shop/car/view/1094784
2024-10-17T17:02:05.390082+0300 | INFO | Ссылка получена https://carskorea.shop/car/view/1093279
2024-10-17T17:02:05.390136+0300 | INFO | Ссылка получена https://carskorea.shop/car/view/1092816
2024-10-17T17:02:05.390198+0300 | INFO | Ссылка получена https://carskorea.shop/car/view/1092749
2024-10-17T17:02:05.390250+0300 | INFO | Ссылка получена https://carskorea.shop/car/view/1090916
2024-10-17T17:02:05.390310+0300 | INFO | Ссылка получена https://carskorea.shop/car/view/1089387
2024-10-17T17:02:05.390364+0300 | INFO | Ссылка получена https://carskorea.shop/car/view/1087878
2024-10-17T17:02:05.390417+0300 | INFO | Ссылка получена https://carskorea.shop/car/view/1087570
2024-10-17T17:02:05.390470+0300 | INFO | Ссылка получена https://carskorea.shop/car/view/1087204
2024-10-17T17:02:05.390548+0300 | INFO | Ссылка получена https://carskorea.shop/car/view/1086906
2024-10-17T17:02:05.949172+0300 | INFO | Ссылка получена https://carskorea.shop/car/view/1085725
2024-10-17T17:02:05.949335+0300 | INFO | Ссылка получена https://carskorea.shop/car/view/1084557
2024-10-17T17:02:05.949384+0300 | INFO | Ссылка получена https://carskorea.shop/car/view/1084368
2024-10-17T17:02:05.949431+0300 | INFO | Ссылка получена https://carskorea.shop/car/view/1083764
2024-10-17T17:02:05.949490+0300 | INFO | Ссылка получена https://carskorea.shop/car/view/1083710
2024-10-17T17:02:05.949562+0300 | INFO | Ссылка получена https://carskorea.shop/car/view/1083261
2024-10-17T17:02:05.949623+0300 | INFO | Ссылка получена https://carskorea.shop/car/view/1083189
2024-10-17T17:02:05.949683+0300 | INFO | Ссылка получена https://carskorea.shop/car/view/1082157
2024-10-17T17:02:05.949729+0300 | INFO | Ссылка получена https://carskorea.shop/car/view/1080939
2024-10-17T17:02:05.949793+0300 | INFO | Ссылка получена https://carskorea.shop/car/view/1080471
2024-10-17T17:02:05.949845+0300 | INFO | Ссылка получена https://carskorea.shop/car/view/1076735
2024-10-17T17:02:05.949901+0300 | INFO | Ссылка получена https://carskorea.shop/car/view/1076007
2024-10-17T17:02:05.949965+0300 | INFO | Ссылка получена https://carskorea.shop/car/view/1075560
2024-10-17T17:02:05.950010+0300 | INFO | Ссылка получена https://carskorea.shop/car/view/1074964
2024-10-17T17:02:05.950061+0300 | INFO | Ссылка получена https://carskorea.shop/car/view/1074374
2024-10-17T17:02:05.950120+0300 | INFO | Ссылка получена https://carskorea.shop/car/view/1074373
2024-10-17T17:02:05.950178+0300 | INFO | Ссылка получена https://carskorea.shop/car/view/1074350
2024-10-17T17:02:05.950233+0300 | INFO | Ссылка получена https://carskorea.shop/car/view/1072053
2024-10-17T17:02:05.950288+0300 | INFO | Ссылка получена https://carskorea.shop/car/view/1070151
2024-10-17T17:02:05.950358+0300 | INFO | Ссылка получена https://carskorea.shop/car/view/1067324
2024-10-17T17:02:06.729758+0300 | INFO | Ссылка получена https://carskorea.shop/car/view/1065564
2024-10-17T17:02:06.729921+0300 | INFO | Ссылка получена https://carskorea.shop/car/view/1064779
2024-10-17T17:02:06.729981+0300 | INFO | Ссылка получена https://carskorea.shop/car/view/1064264
2024-10-17T17:02:06.730027+0300 | INFO | Ссылка получена https://carskorea.shop/car/view/1064238
2024-10-17T17:02:06.730066+0300 | INFO | Ссылка получена https://carskorea.shop/car/view/1064118
2024-10-17T17:02:06.730103+0300 | INFO | Ссылка получена https://carskorea.shop/car/view/1063881
2024-10-17T17:02:06.730141+0300 | INFO | Ссылка получена https://carskorea.shop/car/view/1063750
2024-10-17T17:02:06.730178+0300 | INFO | Ссылка получена https://carskorea.shop/car/view/1063733
2024-10-17T17:02:06.730216+0300 | INFO | Ссылка получена https://carskorea.shop/car/view/1062695
2024-10-17T17:02:06.730253+0300 | INFO | Ссылка получена https://carskorea.shop/car/view/1061879
2024-10-17T17:02:06.730294+0300 | INFO | Ссылка получена https://carskorea.shop/car/view/1061877
2024-10-17T17:02:06.730336+0300 | INFO | Ссылка получена https://carskorea.shop/car/view/1061406
2024-10-17T17:02:06.730378+0300 | INFO | Ссылка получена https://carskorea.shop/car/view/1057761
2024-10-17T17:02:06.730418+0300 | INFO | Ссылка получена https://carskorea.shop/car/view/1056358
2024-10-17T17:02:06.730460+0300 | INFO | Ссылка получена https://carskorea.shop/car/view/1055708
2024-10-17T17:02:06.730497+0300 | INFO | Ссылка получена https://carskorea.shop/car/view/1054649
2024-10-17T17:02:06.730549+0300 | INFO | Ссылка получена https://carskorea.shop/car/view/1054609
2024-10-17T17:02:06.730595+0300 | INFO | Ссылка получена https://carskorea.shop/car/view/1053814
2024-10-17T17:02:06.730640+0300 | INFO | Ссылка получена https://carskorea.shop/car/view/1052976
2024-10-17T17:02:06.730682+0300 | INFO | Ссылка получена https://carskorea.shop/car/view/1051576
2024-10-17T17:02:07.258897+0300 | INFO | Ссылка получена https://carskorea.shop/car/view/1049540
2024-10-17T17:02:07.259061+0300 | INFO | Ссылка получена https://carskorea.shop/car/view/1049062
2024-10-17T17:02:07.259113+0300 | INFO | Ссылка получена https://carskorea.shop/car/view/1048093
2024-10-17T17:02:07.259163+0300 | INFO | Ссылка получена https://carskorea.shop/car/view/1047557
2024-10-17T17:02:07.259203+0300 | INFO | Ссылка получена https://carskorea.shop/car/view/1046090
2024-10-17T17:02:07.259242+0300 | INFO | Ссылка получена https://carskorea.shop/car/view/1044701
2024-10-17T17:02:07.259281+0300 | INFO | Ссылка получена https://carskorea.shop/car/view/1044620
2024-10-17T17:02:07.259320+0300 | INFO | Ссылка получена https://carskorea.shop/car/view/1044588
2024-10-17T17:02:07.259359+0300 | INFO | Ссылка получена https://carskorea.shop/car/view/1043797
2024-10-17T17:02:07.259399+0300 | INFO | Ссылка получена https://carskorea.shop/car/view/1043633
2024-10-17T17:02:07.259439+0300 | INFO | Ссылка получена https://carskorea.shop/car/view/1041239
2024-10-17T17:02:07.259485+0300 | INFO | Ссылка получена https://carskorea.shop/car/view/1041084
2024-10-17T17:02:07.259538+0300 | INFO | Ссылка получена https://carskorea.shop/car/view/1040972
2024-10-17T17:02:07.259584+0300 | INFO | Ссылка получена https://carskorea.shop/car/view/1040968
2024-10-17T17:02:07.259630+0300 | INFO | Ссылка получена https://carskorea.shop/car/view/1040844
2024-10-17T17:02:07.259669+0300 | INFO | Ссылка получена https://carskorea.shop/car/view/1040832
2024-10-17T17:02:07.259725+0300 | INFO | Ссылка получена https://carskorea.shop/car/view/1040342
2024-10-17T17:02:07.259762+0300 | INFO | Ссылка получена https://carskorea.shop/car/view/1040012
2024-10-17T17:02:07.259801+0300 | INFO | Ссылка получена https://carskorea.shop/car/view/1039571
2024-10-17T17:02:07.259844+0300 | INFO | Ссылка получена https://carskorea.shop/car/view/1038637
2024-10-17T17:02:07.917445+0300 | INFO | Ссылка получена https://carskorea.shop/car/view/1038130
2024-10-17T17:02:07.917617+0300 | INFO | Ссылка получена https://carskorea.shop/car/view/1037839
2024-10-17T17:02:07.917667+0300 | INFO | Ссылка получена https://carskorea.shop/car/view/1037196
2024-10-17T17:02:07.917712+0300 | INFO | Ссылка получена https://carskorea.shop/car/view/1036972
2024-10-17T17:02:07.917751+0300 | INFO | Ссылка получена https://carskorea.shop/car/view/1036768
2024-10-17T17:02:07.917790+0300 | INFO | Ссылка получена https://carskorea.shop/car/view/1036767
2024-10-17T17:02:07.917827+0300 | INFO | Ссылка получена https://carskorea.shop/car/view/1036743
2024-10-17T17:02:07.917867+0300 | INFO | Ссылка получена https://carskorea.shop/car/view/1036513
2024-10-17T17:02:07.917906+0300 | INFO | Ссылка получена https://carskorea.shop/car/view/1036383
2024-10-17T17:02:07.917943+0300 | INFO | Ссылка получена https://carskorea.shop/car/view/1035448
2024-10-17T17:02:07.917984+0300 | INFO | Ссылка получена https://carskorea.shop/car/view/1035381
2024-10-17T17:02:07.918023+0300 | INFO | Ссылка получена https://carskorea.shop/car/view/1035323
2024-10-17T17:02:07.918060+0300 | INFO | Ссылка получена https://carskorea.shop/car/view/1035177
2024-10-17T17:02:07.918098+0300 | INFO | Ссылка получена https://carskorea.shop/car/view/1034399
2024-10-17T17:02:07.918134+0300 | INFO | Ссылка получена https://carskorea.shop/car/view/1034252
2024-10-17T17:02:07.918170+0300 | INFO | Ссылка получена https://carskorea.shop/car/view/1034064
2024-10-17T17:02:07.918214+0300 | INFO | Ссылка получена https://carskorea.shop/car/view/1033961
2024-10-17T17:02:07.918253+0300 | INFO | Ссылка получена https://carskorea.shop/car/view/1033956
2024-10-17T17:02:07.918291+0300 | INFO | Ссылка получена https://carskorea.shop/car/view/1032920
2024-10-17T17:02:07.918329+0300 | INFO | Ссылка получена https://carskorea.shop/car/view/1032770
2024-10-17T17:02:08.582694+0300 | INFO | Ссылка получена https://carskorea.shop/car/view/1032746
2024-10-17T17:02:08.582858+0300 | INFO | Ссылка получена https://carskorea.shop/car/view/1031313
2024-10-17T17:02:08.582916+0300 | INFO | Ссылка получена https://carskorea.shop/car/view/1030651
2024-10-17T17:02:08.582957+0300 | INFO | Ссылка получена https://carskorea.shop/car/view/1030627
2024-10-17T17:02:08.582996+0300 | INFO | Ссылка получена https://carskorea.shop/car/view/1030263
2024-10-17T17:02:08.583035+0300 | INFO | Ссылка получена https://carskorea.shop/car/view/1028557
2024-10-17T17:02:08.583079+0300 | INFO | Ссылка получена https://carskorea.shop/car/view/1023872
2024-10-17T17:02:08.583136+0300 | INFO | Ссылка получена https://carskorea.shop/car/view/1017769
2024-10-17T17:02:08.583185+0300 | INFO | Ссылка получена https://carskorea.shop/car/view/1017321
2024-10-17T17:02:08.583247+0300 | INFO | Ссылка получена https://carskorea.shop/car/view/1017202
2024-10-17T17:02:08.583286+0300 | INFO | Ссылка получена https://carskorea.shop/car/view/1015831
2024-10-17T17:02:08.583323+0300 | INFO | Ссылка получена https://carskorea.shop/car/view/1011441
2024-10-17T17:02:08.583363+0300 | INFO | Ссылка получена https://carskorea.shop/car/view/1011402
2024-10-17T17:02:08.583429+0300 | INFO | Ссылка получена https://carskorea.shop/car/view/1010698
2024-10-17T17:02:08.583476+0300 | INFO | Ссылка получена https://carskorea.shop/car/view/1010126
2024-10-17T17:02:08.583538+0300 | INFO | Ссылка получена https://carskorea.shop/car/view/1009552
2024-10-17T17:02:08.583579+0300 | INFO | Ссылка получена https://carskorea.shop/car/view/1009067
2024-10-17T17:02:08.583622+0300 | INFO | Ссылка получена https://carskorea.shop/car/view/1007148
2024-10-17T17:02:08.583675+0300 | INFO | Ссылка получена https://carskorea.shop/car/view/1006910
2024-10-17T17:02:08.583718+0300 | INFO | Ссылка получена https://carskorea.shop/car/view/1006822
2024-10-17T17:02:09.173644+0300 | INFO | Ссылка получена https://carskorea.shop/car/view/1006613
2024-10-17T17:02:09.173813+0300 | INFO | Ссылка получена https://carskorea.shop/car/view/1006139
2024-10-17T17:02:09.173869+0300 | INFO | Ссылка получена https://carskorea.shop/car/view/1006051
2024-10-17T17:02:09.173914+0300 | INFO | Ссылка получена https://carskorea.shop/car/view/1005739
2024-10-17T17:02:09.173954+0300 | INFO | Ссылка получена https://carskorea.shop/car/view/1005670
2024-10-17T17:02:09.173992+0300 | INFO | Ссылка получена https://carskorea.shop/car/view/1001865
2024-10-17T17:02:09.174029+0300 | INFO | Ссылка получена https://carskorea.shop/car/view/1000954
2024-10-17T17:02:09.174067+0300 | INFO | Ссылка получена https://carskorea.shop/car/view/1000586
2024-10-17T17:02:09.174105+0300 | INFO | Ссылка получена https://carskorea.shop/car/view/999749
2024-10-17T17:02:09.174142+0300 | INFO | Ссылка получена https://carskorea.shop/car/view/999031
2024-10-17T17:02:09.174179+0300 | INFO | Ссылка получена https://carskorea.shop/car/view/997749
2024-10-17T17:02:09.174223+0300 | INFO | Ссылка получена https://carskorea.shop/car/view/996745
2024-10-17T17:02:09.174268+0300 | INFO | Ссылка получена https://carskorea.shop/car/view/995380
2024-10-17T17:02:09.174321+0300 | INFO | Ссылка получена https://carskorea.shop/car/view/995199
2024-10-17T17:02:09.174378+0300 | INFO | Ссылка получена https://carskorea.shop/car/view/994317
2024-10-17T17:02:09.174418+0300 | INFO | Ссылка получена https://carskorea.shop/car/view/994257
2024-10-17T17:02:09.174456+0300 | INFO | Ссылка получена https://carskorea.shop/car/view/993825
2024-10-17T17:02:09.174493+0300 | INFO | Ссылка получена https://carskorea.shop/car/view/992236
2024-10-17T17:02:09.174555+0300 | INFO | Ссылка получена https://carskorea.shop/car/view/991837
2024-10-17T17:02:09.174599+0300 | INFO | Ссылка получена https://carskorea.shop/car/view/991764
2024-10-17T17:02:09.851517+0300 | INFO | Ссылка получена https://carskorea.shop/car/view/990159
2024-10-17T17:02:09.851686+0300 | INFO | Ссылка получена https://carskorea.shop/car/view/988856
2024-10-17T17:02:09.851745+0300 | INFO | Ссылка получена https://carskorea.shop/car/view/975226
2024-10-17T17:02:09.851790+0300 | INFO | Ссылка получена https://carskorea.shop/car/view/972716
2024-10-17T17:02:09.851830+0300 | INFO | Ссылка получена https://carskorea.shop/car/view/969761
2024-10-17T17:02:09.851868+0300 | INFO | Ссылка получена https://carskorea.shop/car/view/969726
2024-10-17T17:02:09.851907+0300 | INFO | Ссылка получена https://carskorea.shop/car/view/966825
2024-10-17T17:02:09.851944+0300 | INFO | Ссылка получена https://carskorea.shop/car/view/966381
2024-10-17T17:02:09.851981+0300 | INFO | Ссылка получена https://carskorea.shop/car/view/965998
2024-10-17T17:02:09.852018+0300 | INFO | Ссылка получена https://carskorea.shop/car/view/965418
2024-10-17T17:02:09.852072+0300 | INFO | Ссылка получена https://carskorea.shop/car/view/965393
2024-10-17T17:02:09.852118+0300 | INFO | Ссылка получена https://carskorea.shop/car/view/965391
2024-10-17T17:02:09.852163+0300 | INFO | Ссылка получена https://carskorea.shop/car/view/965280
2024-10-17T17:02:09.852217+0300 | INFO | Ссылка получена https://carskorea.shop/car/view/964416
2024-10-17T17:02:09.852263+0300 | INFO | Ссылка получена https://carskorea.shop/car/view/964317
2024-10-17T17:02:09.852302+0300 | INFO | Ссылка получена https://carskorea.shop/car/view/962790
2024-10-17T17:02:09.852340+0300 | INFO | Ссылка получена https://carskorea.shop/car/view/961970
2024-10-17T17:02:09.852376+0300 | INFO | Ссылка получена https://carskorea.shop/car/view/961869
2024-10-17T17:02:09.852419+0300 | INFO | Ссылка получена https://carskorea.shop/car/view/961831
2024-10-17T17:02:09.852461+0300 | INFO | Ссылка получена https://carskorea.shop/car/view/961353
2024-10-17T17:02:10.454686+0300 | INFO | Ссылка получена https://carskorea.shop/car/view/960281
2024-10-17T17:02:10.454850+0300 | INFO | Ссылка получена https://carskorea.shop/car/view/956231
2024-10-17T17:02:10.454899+0300 | INFO | Ссылка получена https://carskorea.shop/car/view/955146
2024-10-17T17:02:10.454944+0300 | INFO | Ссылка получена https://carskorea.shop/car/view/954574
2024-10-17T17:02:10.454983+0300 | INFO | Ссылка получена https://carskorea.shop/car/view/954051
2024-10-17T17:02:10.455022+0300 | INFO | Ссылка получена https://carskorea.shop/car/view/953131
2024-10-17T17:02:10.455060+0300 | INFO | Ссылка получена https://carskorea.shop/car/view/951870
2024-10-17T17:02:10.455103+0300 | INFO | Ссылка получена https://carskorea.shop/car/view/951223
2024-10-17T17:02:10.455150+0300 | INFO | Ссылка получена https://carskorea.shop/car/view/949820
2024-10-17T17:02:10.455189+0300 | INFO | Ссылка получена https://carskorea.shop/car/view/949265
2024-10-17T17:02:10.455229+0300 | INFO | Ссылка получена https://carskorea.shop/car/view/947934
2024-10-17T17:02:10.455274+0300 | INFO | Ссылка получена https://carskorea.shop/car/view/946774
2024-10-17T17:02:10.455317+0300 | INFO | Ссылка получена https://carskorea.shop/car/view/946003
2024-10-17T17:02:10.455354+0300 | INFO | Ссылка получена https://carskorea.shop/car/view/945802
2024-10-17T17:02:10.455398+0300 | INFO | Ссылка получена https://carskorea.shop/car/view/945191
2024-10-17T17:02:10.455439+0300 | INFO | Ссылка получена https://carskorea.shop/car/view/943734
2024-10-17T17:02:10.455477+0300 | INFO | Ссылка получена https://carskorea.shop/car/view/943436
2024-10-17T17:02:10.455533+0300 | INFO | Ссылка получена https://carskorea.shop/car/view/943259
2024-10-17T17:02:10.455578+0300 | INFO | Ссылка получена https://carskorea.shop/car/view/942940
2024-10-17T17:02:10.455616+0300 | INFO | Ссылка получена https://carskorea.shop/car/view/942583
2024-10-17T17:02:11.034882+0300 | INFO | Ссылка получена https://carskorea.shop/car/view/942176
2024-10-17T17:02:11.035048+0300 | INFO | Ссылка получена https://carskorea.shop/car/view/941640
2024-10-17T17:02:11.035095+0300 | INFO | Ссылка получена https://carskorea.shop/car/view/939969
2024-10-17T17:02:11.035134+0300 | INFO | Ссылка получена https://carskorea.shop/car/view/938598
2024-10-17T17:02:11.035178+0300 | INFO | Ссылка получена https://carskorea.shop/car/view/935666
2024-10-17T17:02:11.035216+0300 | INFO | Ссылка получена https://carskorea.shop/car/view/935080
2024-10-17T17:02:11.035252+0300 | INFO | Ссылка получена https://carskorea.shop/car/view/934754
2024-10-17T17:02:11.035290+0300 | INFO | Ссылка получена https://carskorea.shop/car/view/933213
2024-10-17T17:02:11.035340+0300 | INFO | Ссылка получена https://carskorea.shop/car/view/932667
2024-10-17T17:02:11.035378+0300 | INFO | Ссылка получена https://carskorea.shop/car/view/929984
2024-10-17T17:02:11.035418+0300 | INFO | Ссылка получена https://carskorea.shop/car/view/929439
2024-10-17T17:02:11.035460+0300 | INFO | Ссылка получена https://carskorea.shop/car/view/928188
2024-10-17T17:02:11.035511+0300 | INFO | Ссылка получена https://carskorea.shop/car/view/926001
2024-10-17T17:02:11.035552+0300 | INFO | Ссылка получена https://carskorea.shop/car/view/925692
2024-10-17T17:02:11.035594+0300 | INFO | Ссылка получена https://carskorea.shop/car/view/925587
2024-10-17T17:02:11.035631+0300 | INFO | Ссылка получена https://carskorea.shop/car/view/924088
2024-10-17T17:02:11.035675+0300 | INFO | Ссылка получена https://carskorea.shop/car/view/916132
2024-10-17T17:02:11.035716+0300 | INFO | Ссылка получена https://carskorea.shop/car/view/915519
2024-10-17T17:02:11.035753+0300 | INFO | Ссылка получена https://carskorea.shop/car/view/915476
2024-10-17T17:02:11.035796+0300 | INFO | Ссылка получена https://carskorea.shop/car/view/913815
2024-10-17T17:02:11.677919+0300 | INFO | Ссылка получена https://carskorea.shop/car/view/913718
2024-10-17T17:02:11.678083+0300 | INFO | Ссылка получена https://carskorea.shop/car/view/912914
2024-10-17T17:02:11.678131+0300 | INFO | Ссылка получена https://carskorea.shop/car/view/912901
2024-10-17T17:02:11.678173+0300 | INFO | Ссылка получена https://carskorea.shop/car/view/908845
2024-10-17T17:02:11.678218+0300 | INFO | Ссылка получена https://carskorea.shop/car/view/906513
2024-10-17T17:02:11.678255+0300 | INFO | Ссылка получена https://carskorea.shop/car/view/906488
2024-10-17T17:02:11.678293+0300 | INFO | Ссылка получена https://carskorea.shop/car/view/905013
2024-10-17T17:02:11.678330+0300 | INFO | Ссылка получена https://carskorea.shop/car/view/903007
2024-10-17T17:02:11.678368+0300 | INFO | Ссылка получена https://carskorea.shop/car/view/902322
2024-10-17T17:02:11.678405+0300 | INFO | Ссылка получена https://carskorea.shop/car/view/893396
2024-10-17T17:02:11.678442+0300 | INFO | Ссылка получена https://carskorea.shop/car/view/892688
2024-10-17T17:02:11.678483+0300 | INFO | Ссылка получена https://carskorea.shop/car/view/891109
2024-10-17T17:02:11.678540+0300 | INFO | Ссылка получена https://carskorea.shop/car/view/889591
2024-10-17T17:02:11.678579+0300 | INFO | Ссылка получена https://carskorea.shop/car/view/889369
2024-10-17T17:02:11.678616+0300 | INFO | Ссылка получена https://carskorea.shop/car/view/889221
2024-10-17T17:02:11.678661+0300 | INFO | Ссылка получена https://carskorea.shop/car/view/887671
2024-10-17T17:02:11.678703+0300 | INFO | Ссылка получена https://carskorea.shop/car/view/886978
2024-10-17T17:02:11.678739+0300 | INFO | Ссылка получена https://carskorea.shop/car/view/883022
2024-10-17T17:02:11.678781+0300 | INFO | Ссылка получена https://carskorea.shop/car/view/882548
2024-10-17T17:02:11.678822+0300 | INFO | Ссылка получена https://carskorea.shop/car/view/877581
2024-10-17T17:02:12.484573+0300 | INFO | Ссылка получена https://carskorea.shop/car/view/877076
2024-10-17T17:02:12.484742+0300 | INFO | Ссылка получена https://carskorea.shop/car/view/874530
2024-10-17T17:02:12.484793+0300 | INFO | Ссылка получена https://carskorea.shop/car/view/874217
2024-10-17T17:02:12.484836+0300 | INFO | Ссылка получена https://carskorea.shop/car/view/870504
2024-10-17T17:02:12.484878+0300 | INFO | Ссылка получена https://carskorea.shop/car/view/869855
2024-10-17T17:02:12.484928+0300 | INFO | Ссылка получена https://carskorea.shop/car/view/868384
2024-10-17T17:02:12.484968+0300 | INFO | Ссылка получена https://carskorea.shop/car/view/868187
2024-10-17T17:02:12.485006+0300 | INFO | Ссылка получена https://carskorea.shop/car/view/867180
2024-10-17T17:02:12.485042+0300 | INFO | Ссылка получена https://carskorea.shop/car/view/866701
2024-10-17T17:02:12.485079+0300 | INFO | Ссылка получена https://carskorea.shop/car/view/865658
2024-10-17T17:02:12.485116+0300 | INFO | Ссылка получена https://carskorea.shop/car/view/865015
2024-10-17T17:02:12.485152+0300 | INFO | Ссылка получена https://carskorea.shop/car/view/863862
2024-10-17T17:02:12.485187+0300 | INFO | Ссылка получена https://carskorea.shop/car/view/862715
2024-10-17T17:02:12.485224+0300 | INFO | Ссылка получена https://carskorea.shop/car/view/862375
2024-10-17T17:02:12.485260+0300 | INFO | Ссылка получена https://carskorea.shop/car/view/861280
2024-10-17T17:02:12.485295+0300 | INFO | Ссылка получена https://carskorea.shop/car/view/860108
2024-10-17T17:02:12.485330+0300 | INFO | Ссылка получена https://carskorea.shop/car/view/859354
2024-10-17T17:02:12.485367+0300 | INFO | Ссылка получена https://carskorea.shop/car/view/855333
2024-10-17T17:02:12.485404+0300 | INFO | Ссылка получена https://carskorea.shop/car/view/854715
2024-10-17T17:02:12.485444+0300 | INFO | Ссылка получена https://carskorea.shop/car/view/854617
2024-10-17T17:02:13.028534+0300 | INFO | Ссылка получена https://carskorea.shop/car/view/849600
2024-10-17T17:02:13.028700+0300 | INFO | Ссылка получена https://carskorea.shop/car/view/849593
2024-10-17T17:02:13.028749+0300 | INFO | Ссылка получена https://carskorea.shop/car/view/849393
2024-10-17T17:02:13.028788+0300 | INFO | Ссылка получена https://carskorea.shop/car/view/846907
2024-10-17T17:02:13.028827+0300 | INFO | Ссылка получена https://carskorea.shop/car/view/846901
2024-10-17T17:02:13.028865+0300 | INFO | Ссылка получена https://carskorea.shop/car/view/846135
2024-10-17T17:02:13.028901+0300 | INFO | Ссылка получена https://carskorea.shop/car/view/845630
2024-10-17T17:02:13.028939+0300 | INFO | Ссылка получена https://carskorea.shop/car/view/845422
2024-10-17T17:02:13.028976+0300 | INFO | Ссылка получена https://carskorea.shop/car/view/845093
2024-10-17T17:02:13.029011+0300 | INFO | Ссылка получена https://carskorea.shop/car/view/845048
2024-10-17T17:02:13.029048+0300 | INFO | Ссылка получена https://carskorea.shop/car/view/844684
2024-10-17T17:02:13.029085+0300 | INFO | Ссылка получена https://carskorea.shop/car/view/843651
2024-10-17T17:02:13.029121+0300 | INFO | Ссылка получена https://carskorea.shop/car/view/843575
2024-10-17T17:02:13.029158+0300 | INFO | Ссылка получена https://carskorea.shop/car/view/843510
2024-10-17T17:02:13.029195+0300 | INFO | Ссылка получена https://carskorea.shop/car/view/838056
2024-10-17T17:02:13.029232+0300 | INFO | Ссылка получена https://carskorea.shop/car/view/838055
2024-10-17T17:02:13.029273+0300 | INFO | Ссылка получена https://carskorea.shop/car/view/838053
2024-10-17T17:02:13.029318+0300 | INFO | Ссылка получена https://carskorea.shop/car/view/838052
2024-10-17T17:02:13.029356+0300 | INFO | Ссылка получена https://carskorea.shop/car/view/837660
2024-10-17T17:02:13.029394+0300 | INFO | Ссылка получена https://carskorea.shop/car/view/837489
2024-10-17T17:02:13.616609+0300 | INFO | Ссылка получена https://carskorea.shop/car/view/834001
2024-10-17T17:02:13.616768+0300 | INFO | Ссылка получена https://carskorea.shop/car/view/833573
2024-10-17T17:02:13.616832+0300 | INFO | Ссылка получена https://carskorea.shop/car/view/833436
2024-10-17T17:02:13.616873+0300 | INFO | Ссылка получена https://carskorea.shop/car/view/823956
2024-10-17T17:02:13.616912+0300 | INFO | Ссылка получена https://carskorea.shop/car/view/821535
2024-10-17T17:02:13.616950+0300 | INFO | Ссылка получена https://carskorea.shop/car/view/821145
2024-10-17T17:02:13.616988+0300 | INFO | Ссылка получена https://carskorea.shop/car/view/820787
2024-10-17T17:02:13.617026+0300 | INFO | Ссылка получена https://carskorea.shop/car/view/816076
2024-10-17T17:02:13.617063+0300 | INFO | Ссылка получена https://carskorea.shop/car/view/815486
2024-10-17T17:02:13.617100+0300 | INFO | Ссылка получена https://carskorea.shop/car/view/814541
2024-10-17T17:02:13.617137+0300 | INFO | Ссылка получена https://carskorea.shop/car/view/813045
2024-10-17T17:02:13.617172+0300 | INFO | Ссылка получена https://carskorea.shop/car/view/810618
2024-10-17T17:02:13.617208+0300 | INFO | Ссылка получена https://carskorea.shop/car/view/810478
2024-10-17T17:02:13.617244+0300 | INFO | Ссылка получена https://carskorea.shop/car/view/809212
2024-10-17T17:02:13.617281+0300 | INFO | Ссылка получена https://carskorea.shop/car/view/807580
2024-10-17T17:02:13.617319+0300 | INFO | Ссылка получена https://carskorea.shop/car/view/807132
2024-10-17T17:02:13.617356+0300 | INFO | Ссылка получена https://carskorea.shop/car/view/806313
2024-10-17T17:02:13.617393+0300 | INFO | Ссылка получена https://carskorea.shop/car/view/806129
2024-10-17T17:02:13.617429+0300 | INFO | Ссылка получена https://carskorea.shop/car/view/805737
2024-10-17T17:02:13.617465+0300 | INFO | Ссылка получена https://carskorea.shop/car/view/801028
2024-10-17T17:02:14.317615+0300 | INFO | Ссылка получена https://carskorea.shop/car/view/791074
2024-10-17T17:02:14.317778+0300 | INFO | Ссылка получена https://carskorea.shop/car/view/788626
2024-10-17T17:02:14.317827+0300 | INFO | Ссылка получена https://carskorea.shop/car/view/783583
2024-10-17T17:02:14.317872+0300 | INFO | Ссылка получена https://carskorea.shop/car/view/782938
2024-10-17T17:02:14.317911+0300 | INFO | Ссылка получена https://carskorea.shop/car/view/780773
2024-10-17T17:02:14.317950+0300 | INFO | Ссылка получена https://carskorea.shop/car/view/779843
2024-10-17T17:02:14.317988+0300 | INFO | Ссылка получена https://carskorea.shop/car/view/779165
2024-10-17T17:02:14.318031+0300 | INFO | Ссылка получена https://carskorea.shop/car/view/777616
2024-10-17T17:02:14.318076+0300 | INFO | Ссылка получена https://carskorea.shop/car/view/776644
2024-10-17T17:02:14.318112+0300 | INFO | Ссылка получена https://carskorea.shop/car/view/770906
2024-10-17T17:02:14.318150+0300 | INFO | Ссылка получена https://carskorea.shop/car/view/768580
2024-10-17T17:02:14.318194+0300 | INFO | Ссылка получена https://carskorea.shop/car/view/766799
2024-10-17T17:02:14.318234+0300 | INFO | Ссылка получена https://carskorea.shop/car/view/766646
2024-10-17T17:02:14.318272+0300 | INFO | Ссылка получена https://carskorea.shop/car/view/765278
2024-10-17T17:02:14.318308+0300 | INFO | Ссылка получена https://carskorea.shop/car/view/762386
2024-10-17T17:02:14.318350+0300 | INFO | Ссылка получена https://carskorea.shop/car/view/761770
2024-10-17T17:02:14.318391+0300 | INFO | Ссылка получена https://carskorea.shop/car/view/761112
2024-10-17T17:02:14.318428+0300 | INFO | Ссылка получена https://carskorea.shop/car/view/759839
2024-10-17T17:02:14.318470+0300 | INFO | Ссылка получена https://carskorea.shop/car/view/758134
2024-10-17T17:02:14.318554+0300 | INFO | Ссылка получена https://carskorea.shop/car/view/757787
2024-10-17T17:02:14.748218+0300 | INFO | Ссылка получена https://carskorea.shop/car/view/757150
2024-10-17T17:02:14.748378+0300 | INFO | Ссылка получена https://carskorea.shop/car/view/753948
2024-10-17T17:02:14.748429+0300 | INFO | Ссылка получена https://carskorea.shop/car/view/753928
2024-10-17T17:02:14.748470+0300 | INFO | Ссылка получена https://carskorea.shop/car/view/753853
2024-10-17T17:02:14.748522+0300 | INFO | Ссылка получена https://carskorea.shop/car/view/753137
2024-10-17T17:02:14.748569+0300 | INFO | Ссылка получена https://carskorea.shop/car/view/753134
2024-10-17T17:02:14.748609+0300 | INFO | Ссылка получена https://carskorea.shop/car/view/752557
2024-10-17T17:02:14.748648+0300 | INFO | Ссылка получена https://carskorea.shop/car/view/751316
2024-10-17T17:02:14.748689+0300 | INFO | Ссылка получена https://carskorea.shop/car/view/750828
2024-10-17T17:02:14.748726+0300 | INFO | Ссылка получена https://carskorea.shop/car/view/750144
2024-10-17T17:02:14.748764+0300 | INFO | Ссылка получена https://carskorea.shop/car/view/749595
2024-10-17T17:02:14.748806+0300 | INFO | Ссылка получена https://carskorea.shop/car/view/747326
2024-10-17T17:02:14.748842+0300 | INFO | Ссылка получена https://carskorea.shop/car/view/744829
2024-10-17T17:02:14.748881+0300 | INFO | Ссылка получена https://carskorea.shop/car/view/743097
2024-10-17T17:02:14.748919+0300 | INFO | Ссылка получена https://carskorea.shop/car/view/742577
2024-10-17T17:02:14.748961+0300 | INFO | Ссылка получена https://carskorea.shop/car/view/742540
2024-10-17T17:02:14.748998+0300 | INFO | Ссылка получена https://carskorea.shop/car/view/740472
2024-10-17T17:02:14.749039+0300 | INFO | Ссылка получена https://carskorea.shop/car/view/738524
2024-10-17T17:02:14.749076+0300 | INFO | Ссылка получена https://carskorea.shop/car/view/737248
2024-10-17T17:02:14.749114+0300 | INFO | Ссылка получена https://carskorea.shop/car/view/736942
2024-10-17T17:02:15.242086+0300 | INFO | Ссылка получена https://carskorea.shop/car/view/736908
2024-10-17T17:02:15.242251+0300 | INFO | Ссылка получена https://carskorea.shop/car/view/736697
2024-10-17T17:02:15.242300+0300 | INFO | Ссылка получена https://carskorea.shop/car/view/733223
2024-10-17T17:02:15.242339+0300 | INFO | Ссылка получена https://carskorea.shop/car/view/730348
2024-10-17T17:02:15.242378+0300 | INFO | Ссылка получена https://carskorea.shop/car/view/727698
2024-10-17T17:02:15.242427+0300 | INFO | Ссылка получена https://carskorea.shop/car/view/726984
2024-10-17T17:02:15.242464+0300 | INFO | Ссылка получена https://carskorea.shop/car/view/726648
2024-10-17T17:02:15.242512+0300 | INFO | Ссылка получена https://carskorea.shop/car/view/725602
2024-10-17T17:02:15.242554+0300 | INFO | Ссылка получена https://carskorea.shop/car/view/725483
2024-10-17T17:02:15.242592+0300 | INFO | Ссылка получена https://carskorea.shop/car/view/721554
2024-10-17T17:02:15.242629+0300 | INFO | Ссылка получена https://carskorea.shop/car/view/719318
2024-10-17T17:02:15.242666+0300 | INFO | Ссылка получена https://carskorea.shop/car/view/712792
2024-10-17T17:02:15.242702+0300 | INFO | Ссылка получена https://carskorea.shop/car/view/711429
2024-10-17T17:02:15.242739+0300 | INFO | Ссылка получена https://carskorea.shop/car/view/709429
2024-10-17T17:02:15.242783+0300 | INFO | Ссылка получена https://carskorea.shop/car/view/704192
2024-10-17T17:02:15.242824+0300 | INFO | Ссылка получена https://carskorea.shop/car/view/701435
2024-10-17T17:02:15.242872+0300 | INFO | Ссылка получена https://carskorea.shop/car/view/699832
2024-10-17T17:02:15.242912+0300 | INFO | Ссылка получена https://carskorea.shop/car/view/696182
2024-10-17T17:02:15.242958+0300 | INFO | Ссылка получена https://carskorea.shop/car/view/689744
2024-10-17T17:02:15.242995+0300 | INFO | Ссылка получена https://carskorea.shop/car/view/689568
2024-10-17T17:02:15.932291+0300 | INFO | Ссылка получена https://carskorea.shop/car/view/689229
2024-10-17T17:02:15.932456+0300 | INFO | Ссылка получена https://carskorea.shop/car/view/689095
2024-10-17T17:02:15.932515+0300 | INFO | Ссылка получена https://carskorea.shop/car/view/683739
2024-10-17T17:02:15.932559+0300 | INFO | Ссылка получена https://carskorea.shop/car/view/683725
2024-10-17T17:02:15.932599+0300 | INFO | Ссылка получена https://carskorea.shop/car/view/680718
2024-10-17T17:02:15.932636+0300 | INFO | Ссылка получена https://carskorea.shop/car/view/672938
2024-10-17T17:02:15.932673+0300 | INFO | Ссылка получена https://carskorea.shop/car/view/669413
2024-10-17T17:02:15.932711+0300 | INFO | Ссылка получена https://carskorea.shop/car/view/668530
2024-10-17T17:02:15.932750+0300 | INFO | Ссылка получена https://carskorea.shop/car/view/667624
2024-10-17T17:02:15.932788+0300 | INFO | Ссылка получена https://carskorea.shop/car/view/667359
2024-10-17T17:02:15.932825+0300 | INFO | Ссылка получена https://carskorea.shop/car/view/666427
2024-10-17T17:02:15.932862+0300 | INFO | Ссылка получена https://carskorea.shop/car/view/651176
2024-10-17T17:02:15.932905+0300 | INFO | Ссылка получена https://carskorea.shop/car/view/649752
2024-10-17T17:02:15.932943+0300 | INFO | Ссылка получена https://carskorea.shop/car/view/646672
2024-10-17T17:02:15.932987+0300 | INFO | Ссылка получена https://carskorea.shop/car/view/645937
2024-10-17T17:02:15.933026+0300 | INFO | Ссылка получена https://carskorea.shop/car/view/638761
2024-10-17T17:02:15.933064+0300 | INFO | Ссылка получена https://carskorea.shop/car/view/638097
2024-10-17T17:02:15.933106+0300 | INFO | Ссылка получена https://carskorea.shop/car/view/637210
2024-10-17T17:02:15.933143+0300 | INFO | Ссылка получена https://carskorea.shop/car/view/637012
2024-10-17T17:02:15.933184+0300 | INFO | Ссылка получена https://carskorea.shop/car/view/636460
2024-10-17T17:02:16.527933+0300 | INFO | Ссылка получена https://carskorea.shop/car/view/636375
2024-10-17T17:02:16.528099+0300 | INFO | Ссылка получена https://carskorea.shop/car/view/629375
2024-10-17T17:02:16.528147+0300 | INFO | Ссылка получена https://carskorea.shop/car/view/626531
2024-10-17T17:02:16.528187+0300 | INFO | Ссылка получена https://carskorea.shop/car/view/623719
2024-10-17T17:02:16.528227+0300 | INFO | Ссылка получена https://carskorea.shop/car/view/621926
2024-10-17T17:02:16.528266+0300 | INFO | Ссылка получена https://carskorea.shop/car/view/620113
2024-10-17T17:02:16.528301+0300 | INFO | Ссылка получена https://carskorea.shop/car/view/617610
2024-10-17T17:02:16.528341+0300 | INFO | Ссылка получена https://carskorea.shop/car/view/614894
2024-10-17T17:02:16.528379+0300 | INFO | Ссылка получена https://carskorea.shop/car/view/614036
2024-10-17T17:02:16.528417+0300 | INFO | Ссылка получена https://carskorea.shop/car/view/610089
2024-10-17T17:02:16.528460+0300 | INFO | Ссылка получена https://carskorea.shop/car/view/609385
2024-10-17T17:02:16.528499+0300 | INFO | Ссылка получена https://carskorea.shop/car/view/606106
2024-10-17T17:02:16.528554+0300 | INFO | Ссылка получена https://carskorea.shop/car/view/605867
2024-10-17T17:02:16.528591+0300 | INFO | Ссылка получена https://carskorea.shop/car/view/600328
2024-10-17T17:02:16.528642+0300 | INFO | Ссылка получена https://carskorea.shop/car/view/597674
2024-10-17T17:02:16.528679+0300 | INFO | Ссылка получена https://carskorea.shop/car/view/592495
2024-10-17T17:02:16.528716+0300 | INFO | Ссылка получена https://carskorea.shop/car/view/591639
2024-10-17T17:02:16.528752+0300 | INFO | Ссылка получена https://carskorea.shop/car/view/590564
2024-10-17T17:02:16.528788+0300 | INFO | Ссылка получена https://carskorea.shop/car/view/587959
2024-10-17T17:02:16.528825+0300 | INFO | Ссылка получена https://carskorea.shop/car/view/587431
2024-10-17T17:02:17.152567+0300 | INFO | Ссылка получена https://carskorea.shop/car/view/587229
2024-10-17T17:02:17.152735+0300 | INFO | Ссылка получена https://carskorea.shop/car/view/584608
2024-10-17T17:02:17.152784+0300 | INFO | Ссылка получена https://carskorea.shop/car/view/582374
2024-10-17T17:02:17.152824+0300 | INFO | Ссылка получена https://carskorea.shop/car/view/582215
2024-10-17T17:02:17.152862+0300 | INFO | Ссылка получена https://carskorea.shop/car/view/579185
2024-10-17T17:02:17.152899+0300 | INFO | Ссылка получена https://carskorea.shop/car/view/578231
2024-10-17T17:02:17.152934+0300 | INFO | Ссылка получена https://carskorea.shop/car/view/576552
2024-10-17T17:02:17.152971+0300 | INFO | Ссылка получена https://carskorea.shop/car/view/575676
2024-10-17T17:02:17.153008+0300 | INFO | Ссылка получена https://carskorea.shop/car/view/571035
2024-10-17T17:02:17.153045+0300 | INFO | Ссылка получена https://carskorea.shop/car/view/570797
2024-10-17T17:02:17.153082+0300 | INFO | Ссылка получена https://carskorea.shop/car/view/567085
2024-10-17T17:02:17.153117+0300 | INFO | Ссылка получена https://carskorea.shop/car/view/561610
2024-10-17T17:02:17.153154+0300 | INFO | Ссылка получена https://carskorea.shop/car/view/557338
2024-10-17T17:02:17.153191+0300 | INFO | Ссылка получена https://carskorea.shop/car/view/556026
2024-10-17T17:02:17.153227+0300 | INFO | Ссылка получена https://carskorea.shop/car/view/552440
2024-10-17T17:02:17.153264+0300 | INFO | Ссылка получена https://carskorea.shop/car/view/552373
2024-10-17T17:02:17.153301+0300 | INFO | Ссылка получена https://carskorea.shop/car/view/546357
2024-10-17T17:02:17.153336+0300 | INFO | Ссылка получена https://carskorea.shop/car/view/541651
2024-10-17T17:02:17.153372+0300 | INFO | Ссылка получена https://carskorea.shop/car/view/539901
2024-10-17T17:02:17.153408+0300 | INFO | Ссылка получена https://carskorea.shop/car/view/538131
2024-10-17T17:02:17.786779+0300 | INFO | Ссылка получена https://carskorea.shop/car/view/535913
2024-10-17T17:02:17.786940+0300 | INFO | Ссылка получена https://carskorea.shop/car/view/531921
2024-10-17T17:02:17.786990+0300 | INFO | Ссылка получена https://carskorea.shop/car/view/525305
2024-10-17T17:02:17.787030+0300 | INFO | Ссылка получена https://carskorea.shop/car/view/520415
2024-10-17T17:02:17.787074+0300 | INFO | Ссылка получена https://carskorea.shop/car/view/519932
2024-10-17T17:02:17.787112+0300 | INFO | Ссылка получена https://carskorea.shop/car/view/514899
2024-10-17T17:02:17.787148+0300 | INFO | Ссылка получена https://carskorea.shop/car/view/510900
2024-10-17T17:02:17.787184+0300 | INFO | Ссылка получена https://carskorea.shop/car/view/500853
2024-10-17T17:02:17.787221+0300 | INFO | Ссылка получена https://carskorea.shop/car/view/491620
2024-10-17T17:02:17.787258+0300 | INFO | Ссылка получена https://carskorea.shop/car/view/491556
2024-10-17T17:02:17.787293+0300 | INFO | Ссылка получена https://carskorea.shop/car/view/477300
2024-10-17T17:02:17.787351+0300 | INFO | Ссылка получена https://carskorea.shop/car/view/476519
2024-10-17T17:02:17.787387+0300 | INFO | Ссылка получена https://carskorea.shop/car/view/474588
2024-10-17T17:02:17.787431+0300 | INFO | Ссылка получена https://carskorea.shop/car/view/473633
2024-10-17T17:02:17.787474+0300 | INFO | Ссылка получена https://carskorea.shop/car/view/459323
2024-10-17T17:02:17.787528+0300 | INFO | Ссылка получена https://carskorea.shop/car/view/458904
2024-10-17T17:02:17.787577+0300 | INFO | Ссылка получена https://carskorea.shop/car/view/445942
2024-10-17T17:02:17.787615+0300 | INFO | Ссылка получена https://carskorea.shop/car/view/443130
2024-10-17T17:02:17.787661+0300 | INFO | Ссылка получена https://carskorea.shop/car/view/441289
2024-10-17T17:02:17.787704+0300 | INFO | Ссылка получена https://carskorea.shop/car/view/439833
2024-10-17T17:02:18.451408+0300 | INFO | Ссылка получена https://carskorea.shop/car/view/435723
2024-10-17T17:02:18.451585+0300 | INFO | Ссылка получена https://carskorea.shop/car/view/434779
2024-10-17T17:02:18.451635+0300 | INFO | Ссылка получена https://carskorea.shop/car/view/430185
2024-10-17T17:02:18.451678+0300 | INFO | Ссылка получена https://carskorea.shop/car/view/424902
2024-10-17T17:02:18.451722+0300 | INFO | Ссылка получена https://carskorea.shop/car/view/417167
2024-10-17T17:02:18.451763+0300 | INFO | Ссылка получена https://carskorea.shop/car/view/414950
2024-10-17T17:02:18.451802+0300 | INFO | Ссылка получена https://carskorea.shop/car/view/407733
2024-10-17T17:02:18.451841+0300 | INFO | Ссылка получена https://carskorea.shop/car/view/379441
2024-10-17T17:02:18.451881+0300 | INFO | Ссылка получена https://carskorea.shop/car/view/369743
2024-10-17T17:02:18.451920+0300 | INFO | Ссылка получена https://carskorea.shop/car/view/368222
2024-10-17T17:02:18.451966+0300 | INFO | Ссылка получена https://carskorea.shop/car/view/355931
2024-10-17T17:02:18.452010+0300 | INFO | Ссылка получена https://carskorea.shop/car/view/354162
2024-10-17T17:02:18.452052+0300 | INFO | Ссылка получена https://carskorea.shop/car/view/353339
2024-10-17T17:02:18.452099+0300 | INFO | Ссылка получена https://carskorea.shop/car/view/335209
2024-10-17T17:02:18.452140+0300 | INFO | Ссылка получена https://carskorea.shop/car/view/331934
2024-10-17T17:02:18.452182+0300 | INFO | Ссылка получена https://carskorea.shop/car/view/329518
2024-10-17T17:02:18.452225+0300 | INFO | Ссылка получена https://carskorea.shop/car/view/327184
2024-10-17T17:02:18.452269+0300 | INFO | Ссылка получена https://carskorea.shop/car/view/326097
2024-10-17T17:02:18.452308+0300 | INFO | Ссылка получена https://carskorea.shop/car/view/319245
2024-10-17T17:02:18.452347+0300 | INFO | Ссылка получена https://carskorea.shop/car/view/299202
2024-10-17T17:02:18.452858+0300 | INFO | Запуск основной функции
2024-10-17T17:02:18.452968+0300 | INFO | Получили колличество страниц
2024-10-17T17:02:18.453026+0300 | INFO | Обрабатываем машину: https://carskorea.shop/car/view/1186410
2024-10-17T17:02:19.331645+0300 | INFO | Машина обработана: https://carskorea.shop/car/view/1186410
2024-10-17T17:02:19.333137+0300 | INFO | Обрабатываем машину: https://carskorea.shop/car/view/1186092
2024-10-17T17:02:20.031325+0300 | INFO | Машина обработана: https://carskorea.shop/car/view/1186092
2024-10-17T17:02:20.032983+0300 | INFO | Обрабатываем машину: https://carskorea.shop/car/view/1185439
2024-10-17T17:02:20.651803+0300 | INFO | Машина обработана: https://carskorea.shop/car/view/1185439
2024-10-17T17:02:20.653569+0300 | INFO | Обрабатываем машину: https://carskorea.shop/car/view/1184606
2024-10-17T17:02:21.277700+0300 | INFO | Машина обработана: https://carskorea.shop/car/view/1184606
2024-10-17T17:02:21.279169+0300 | INFO | Обрабатываем машину: https://carskorea.shop/car/view/1184284
2024-10-17T17:02:21.907631+0300 | INFO | Машина обработана: https://carskorea.shop/car/view/1184284
2024-10-17T17:02:21.909128+0300 | INFO | Обрабатываем машину: https://carskorea.shop/car/view/1183507
2024-10-17T17:02:22.902153+0300 | INFO | Машина обработана: https://carskorea.shop/car/view/1183507
2024-10-17T17:02:22.904055+0300 | INFO | Обрабатываем машину: https://carskorea.shop/car/view/1183181
2024-10-17T17:02:23.539414+0300 | INFO | Машина обработана: https://carskorea.shop/car/view/1183181
2024-10-17T17:02:23.541049+0300 | INFO | Обрабатываем машину: https://carskorea.shop/car/view/1182674
2024-10-17T17:02:24.181306+0300 | INFO | Машина обработана: https://carskorea.shop/car/view/1182674
2024-10-17T17:02:24.182923+0300 | INFO | Обрабатываем машину: https://carskorea.shop/car/view/1182586
2024-10-17T17:02:24.860446+0300 | INFO | Машина обработана: https://carskorea.shop/car/view/1182586
2024-10-17T17:02:24.861440+0300 | INFO | Обрабатываем машину: https://carskorea.shop/car/view/1181929
2024-10-17T17:02:25.502038+0300 | INFO | Машина обработана: https://carskorea.shop/car/view/1181929
2024-10-17T17:02:25.503631+0300 | INFO | Обрабатываем машину: https://carskorea.shop/car/view/1181672
2024-10-17T17:02:26.026173+0300 | INFO | Машина обработана: https://carskorea.shop/car/view/1181672
2024-10-17T17:02:26.027989+0300 | INFO | Обрабатываем машину: https://carskorea.shop/car/view/1181214
2024-10-17T17:02:26.705939+0300 | INFO | Машина обработана: https://carskorea.shop/car/view/1181214
2024-10-17T17:02:26.707336+0300 | INFO | Обрабатываем машину: https://carskorea.shop/car/view/1180515
2024-10-17T17:02:27.328313+0300 | INFO | Машина обработана: https://carskorea.shop/car/view/1180515
2024-10-17T17:02:27.329661+0300 | INFO | Обрабатываем машину: https://carskorea.shop/car/view/1180461
2024-10-17T17:02:27.715640+0300 | INFO | Машина обработана: https://carskorea.shop/car/view/1180461
2024-10-17T17:02:27.717201+0300 | INFO | Обрабатываем машину: https://carskorea.shop/car/view/1180202
2024-10-17T17:02:28.275537+0300 | INFO | Машина обработана: https://carskorea.shop/car/view/1180202
2024-10-17T17:02:28.277129+0300 | INFO | Обрабатываем машину: https://carskorea.shop/car/view/1180101
2024-10-17T17:02:28.881442+0300 | INFO | Машина обработана: https://carskorea.shop/car/view/1180101
2024-10-17T17:02:28.883231+0300 | INFO | Обрабатываем машину: https://carskorea.shop/car/view/1179242
2024-10-17T17:02:29.291098+0300 | INFO | Машина обработана: https://carskorea.shop/car/view/1179242
2024-10-17T17:02:29.292693+0300 | INFO | Обрабатываем машину: https://carskorea.shop/car/view/1179241
2024-10-17T17:02:29.956747+0300 | INFO | Машина обработана: https://carskorea.shop/car/view/1179241
2024-10-17T17:02:29.961418+0300 | INFO | Обрабатываем машину: https://carskorea.shop/car/view/1177889
2024-10-17T17:02:30.539796+0300 | INFO | Машина обработана: https://carskorea.shop/car/view/1177889
2024-10-17T17:02:30.541283+0300 | INFO | Обрабатываем машину: https://carskorea.shop/car/view/1177184
2024-10-17T17:02:31.183157+0300 | INFO | Машина обработана: https://carskorea.shop/car/view/1177184
2024-10-17T17:02:31.184906+0300 | INFO | Обрабатываем машину: https://carskorea.shop/car/view/1177077
2024-10-17T17:02:31.850397+0300 | INFO | Машина обработана: https://carskorea.shop/car/view/1177077
2024-10-17T17:02:31.852142+0300 | INFO | Обрабатываем машину: https://carskorea.shop/car/view/1177002
2024-10-17T17:02:32.614071+0300 | INFO | Машина обработана: https://carskorea.shop/car/view/1177002
2024-10-17T17:02:32.615853+0300 | INFO | Обрабатываем машину: https://carskorea.shop/car/view/1176836
2024-10-17T17:02:33.108987+0300 | INFO | Машина обработана: https://carskorea.shop/car/view/1176836
2024-10-17T17:02:33.110571+0300 | INFO | Обрабатываем машину: https://carskorea.shop/car/view/1175988
2024-10-17T17:02:33.815491+0300 | INFO | Машина обработана: https://carskorea.shop/car/view/1175988
2024-10-17T17:02:33.817091+0300 | INFO | Обрабатываем машину: https://carskorea.shop/car/view/1175769
2024-10-17T17:02:34.408333+0300 | INFO | Машина обработана: https://carskorea.shop/car/view/1175769
2024-10-17T17:02:34.409131+0300 | INFO | Обрабатываем машину: https://carskorea.shop/car/view/1175559
2024-10-17T17:02:35.061772+0300 | INFO | Машина обработана: https://carskorea.shop/car/view/1175559
2024-10-17T17:02:35.062946+0300 | INFO | Обрабатываем машину: https://carskorea.shop/car/view/1175507
2024-10-17T17:02:36.030176+0300 | INFO | Машина обработана: https://carskorea.shop/car/view/1175507
2024-10-17T17:02:36.031709+0300 | INFO | Обрабатываем машину: https://carskorea.shop/car/view/1175495
2024-10-17T17:02:36.582216+0300 | INFO | Машина обработана: https://carskorea.shop/car/view/1175495
2024-10-17T17:02:36.583455+0300 | INFO | Обрабатываем машину: https://carskorea.shop/car/view/1175098
2024-10-17T17:02:37.275654+0300 | INFO | Машина обработана: https://carskorea.shop/car/view/1175098
2024-10-17T17:02:37.276820+0300 | INFO | Обрабатываем машину: https://carskorea.shop/car/view/1174902
2024-10-17T17:02:37.901368+0300 | INFO | Машина обработана: https://carskorea.shop/car/view/1174902
2024-10-17T17:02:37.902498+0300 | INFO | Обрабатываем машину: https://carskorea.shop/car/view/1174397
2024-10-17T17:02:38.505981+0300 | INFO | Машина обработана: https://carskorea.shop/car/view/1174397
2024-10-17T17:02:38.507677+0300 | INFO | Обрабатываем машину: https://carskorea.shop/car/view/1174360
2024-10-17T17:02:38.838731+0300 | INFO | Машина обработана: https://carskorea.shop/car/view/1174360
2024-10-17T17:02:38.840524+0300 | INFO | Обрабатываем машину: https://carskorea.shop/car/view/1173906
2024-10-17T17:02:39.205718+0300 | INFO | Машина обработана: https://carskorea.shop/car/view/1173906
2024-10-17T17:02:39.206895+0300 | INFO | Обрабатываем машину: https://carskorea.shop/car/view/1173644
2024-10-17T17:02:39.849971+0300 | INFO | Машина обработана: https://carskorea.shop/car/view/1173644
2024-10-17T17:02:39.851618+0300 | INFO | Обрабатываем машину: https://carskorea.shop/car/view/1172753
2024-10-17T17:02:40.485234+0300 | INFO | Машина обработана: https://carskorea.shop/car/view/1172753
2024-10-17T17:02:40.487085+0300 | INFO | Обрабатываем машину: https://carskorea.shop/car/view/1172305
2024-10-17T17:02:41.115675+0300 | INFO | Машина обработана: https://carskorea.shop/car/view/1172305
2024-10-17T17:02:41.117010+0300 | INFO | Обрабатываем машину: https://carskorea.shop/car/view/1172132
2024-10-17T17:02:41.754822+0300 | INFO | Машина обработана: https://carskorea.shop/car/view/1172132
2024-10-17T17:02:41.756403+0300 | INFO | Обрабатываем машину: https://carskorea.shop/car/view/1171649
2024-10-17T17:02:42.402195+0300 | INFO | Машина обработана: https://carskorea.shop/car/view/1171649
2024-10-17T17:02:42.403051+0300 | INFO | Обрабатываем машину: https://carskorea.shop/car/view/1171582
2024-10-17T17:02:43.066458+0300 | INFO | Машина обработана: https://carskorea.shop/car/view/1171582
2024-10-17T17:02:43.067399+0300 | INFO | Обрабатываем машину: https://carskorea.shop/car/view/1171301
2024-10-17T17:02:43.687105+0300 | INFO | Машина обработана: https://carskorea.shop/car/view/1171301
2024-10-17T17:02:43.688675+0300 | INFO | Обрабатываем машину: https://carskorea.shop/car/view/1169987
2024-10-17T17:02:44.360358+0300 | INFO | Машина обработана: https://carskorea.shop/car/view/1169987
2024-10-17T17:02:44.361531+0300 | INFO | Обрабатываем машину: https://carskorea.shop/car/view/1169619
2024-10-17T17:02:44.989446+0300 | INFO | Машина обработана: https://carskorea.shop/car/view/1169619
2024-10-17T17:02:44.990961+0300 | INFO | Обрабатываем машину: https://carskorea.shop/car/view/1169552
2024-10-17T17:02:45.505216+0300 | INFO | Машина обработана: https://carskorea.shop/car/view/1169552
2024-10-17T17:02:45.506852+0300 | INFO | Обрабатываем машину: https://carskorea.shop/car/view/1169184
2024-10-17T17:02:46.060603+0300 | INFO | Машина обработана: https://carskorea.shop/car/view/1169184
2024-10-17T17:02:46.062357+0300 | INFO | Обрабатываем машину: https://carskorea.shop/car/view/1168747
2024-10-17T17:02:46.841443+0300 | INFO | Машина обработана: https://carskorea.shop/car/view/1168747
2024-10-17T17:02:46.842743+0300 | INFO | Обрабатываем машину: https://carskorea.shop/car/view/1168744
2024-10-17T17:02:47.408177+0300 | INFO | Машина обработана: https://carskorea.shop/car/view/1168744
2024-10-17T17:02:47.409783+0300 | INFO | Обрабатываем машину: https://carskorea.shop/car/view/1168403
2024-10-17T17:02:47.978790+0300 | INFO | Машина обработана: https://carskorea.shop/car/view/1168403
2024-10-17T17:02:47.980382+0300 | INFO | Обрабатываем машину: https://carskorea.shop/car/view/1166184
2024-10-17T17:02:48.573263+0300 | INFO | Машина обработана: https://carskorea.shop/car/view/1166184
2024-10-17T17:02:48.575036+0300 | INFO | Обрабатываем машину: https://carskorea.shop/car/view/1166042
2024-10-17T17:02:49.093195+0300 | INFO | Машина обработана: https://carskorea.shop/car/view/1166042
2024-10-17T17:02:49.094870+0300 | INFO | Обрабатываем машину: https://carskorea.shop/car/view/1165517
2024-10-17T17:02:49.727481+0300 | INFO | Машина обработана: https://carskorea.shop/car/view/1165517
2024-10-17T17:02:49.729077+0300 | INFO | Обрабатываем машину: https://carskorea.shop/car/view/1165037
2024-10-17T17:02:50.368698+0300 | INFO | Машина обработана: https://carskorea.shop/car/view/1165037
2024-10-17T17:02:50.370179+0300 | INFO | Обрабатываем машину: https://carskorea.shop/car/view/1164838
2024-10-17T17:02:51.017064+0300 | INFO | Машина обработана: https://carskorea.shop/car/view/1164838
2024-10-17T17:02:51.018700+0300 | INFO | Обрабатываем машину: https://carskorea.shop/car/view/1164393
2024-10-17T17:02:51.527087+0300 | INFO | Машина обработана: https://carskorea.shop/car/view/1164393
2024-10-17T17:02:51.528724+0300 | INFO | Обрабатываем машину: https://carskorea.shop/car/view/1163951
2024-10-17T17:02:51.997654+0300 | INFO | Машина обработана: https://carskorea.shop/car/view/1163951
2024-10-17T17:02:52.002489+0300 | INFO | Обрабатываем машину: https://carskorea.shop/car/view/1163742
2024-10-17T17:02:52.628715+0300 | INFO | Машина обработана: https://carskorea.shop/car/view/1163742
2024-10-17T17:02:52.630314+0300 | INFO | Обрабатываем машину: https://carskorea.shop/car/view/1163735
2024-10-17T17:02:53.316277+0300 | INFO | Машина обработана: https://carskorea.shop/car/view/1163735
2024-10-17T17:02:53.317367+0300 | INFO | Обрабатываем машину: https://carskorea.shop/car/view/1163660
2024-10-17T17:02:53.912094+0300 | INFO | Машина обработана: https://carskorea.shop/car/view/1163660
2024-10-17T17:02:53.913769+0300 | INFO | Обрабатываем машину: https://carskorea.shop/car/view/1163505
2024-10-17T17:02:54.722463+0300 | INFO | Машина обработана: https://carskorea.shop/car/view/1163505
2024-10-17T17:02:54.723268+0300 | INFO | Обрабатываем машину: https://carskorea.shop/car/view/1163498
2024-10-17T17:02:55.188816+0300 | INFO | Машина обработана: https://carskorea.shop/car/view/1163498
2024-10-17T17:02:55.190158+0300 | INFO | Обрабатываем машину: https://carskorea.shop/car/view/1163310
2024-10-17T17:02:56.037366+0300 | INFO | Машина обработана: https://carskorea.shop/car/view/1163310
2024-10-17T17:02:56.038394+0300 | INFO | Обрабатываем машину: https://carskorea.shop/car/view/1161733
2024-10-17T17:02:56.512627+0300 | INFO | Машина обработана: https://carskorea.shop/car/view/1161733
2024-10-17T17:02:56.514368+0300 | INFO | Обрабатываем машину: https://carskorea.shop/car/view/1161502
2024-10-17T17:02:57.070796+0300 | INFO | Машина обработана: https://carskorea.shop/car/view/1161502
2024-10-17T17:02:57.076360+0300 | INFO | Обрабатываем машину: https://carskorea.shop/car/view/1160686
2024-10-17T17:02:57.743885+0300 | INFO | Машина обработана: https://carskorea.shop/car/view/1160686
2024-10-17T17:02:57.745093+0300 | INFO | Обрабатываем машину: https://carskorea.shop/car/view/1160613
2024-10-17T17:02:58.361378+0300 | INFO | Машина обработана: https://carskorea.shop/car/view/1160613
2024-10-17T17:02:58.363104+0300 | INFO | Обрабатываем машину: https://carskorea.shop/car/view/1160547
2024-10-17T17:02:59.067461+0300 | INFO | Машина обработана: https://carskorea.shop/car/view/1160547
2024-10-17T17:02:59.068562+0300 | INFO | Обрабатываем машину: https://carskorea.shop/car/view/1159899
2024-10-17T17:02:59.668403+0300 | INFO | Машина обработана: https://carskorea.shop/car/view/1159899
2024-10-17T17:02:59.669669+0300 | INFO | Обрабатываем машину: https://carskorea.shop/car/view/1159845
2024-10-17T17:03:00.288014+0300 | INFO | Машина обработана: https://carskorea.shop/car/view/1159845
2024-10-17T17:03:00.289626+0300 | INFO | Обрабатываем машину: https://carskorea.shop/car/view/1158485
2024-10-17T17:03:00.982184+0300 | INFO | Машина обработана: https://carskorea.shop/car/view/1158485
2024-10-17T17:03:00.983558+0300 | INFO | Обрабатываем машину: https://carskorea.shop/car/view/1158462
2024-10-17T17:03:01.789868+0300 | INFO | Машина обработана: https://carskorea.shop/car/view/1158462
2024-10-17T17:03:01.791482+0300 | INFO | Обрабатываем машину: https://carskorea.shop/car/view/1158292
2024-10-17T17:03:02.315836+0300 | INFO | Машина обработана: https://carskorea.shop/car/view/1158292
2024-10-17T17:03:02.317470+0300 | INFO | Обрабатываем машину: https://carskorea.shop/car/view/1156029
2024-10-17T17:03:02.846599+0300 | INFO | Машина обработана: https://carskorea.shop/car/view/1156029
2024-10-17T17:03:02.848243+0300 | INFO | Обрабатываем машину: https://carskorea.shop/car/view/1155658
2024-10-17T17:03:03.485032+0300 | INFO | Машина обработана: https://carskorea.shop/car/view/1155658
2024-10-17T17:03:03.486737+0300 | INFO | Обрабатываем машину: https://carskorea.shop/car/view/1154747
2024-10-17T17:03:03.921290+0300 | INFO | Машина обработана: https://carskorea.shop/car/view/1154747
2024-10-17T17:03:03.923010+0300 | INFO | Обрабатываем машину: https://carskorea.shop/car/view/1154573
2024-10-17T17:03:04.496068+0300 | INFO | Машина обработана: https://carskorea.shop/car/view/1154573
2024-10-17T17:03:04.497637+0300 | INFO | Обрабатываем машину: https://carskorea.shop/car/view/1152846
2024-10-17T17:03:05.063660+0300 | INFO | Машина обработана: https://carskorea.shop/car/view/1152846
2024-10-17T17:03:05.065318+0300 | INFO | Обрабатываем машину: https://carskorea.shop/car/view/1151331
2024-10-17T17:03:05.825259+0300 | INFO | Машина обработана: https://carskorea.shop/car/view/1151331
2024-10-17T17:03:05.827146+0300 | INFO | Обрабатываем машину: https://carskorea.shop/car/view/1149273
2024-10-17T17:03:06.339745+0300 | INFO | Машина обработана: https://carskorea.shop/car/view/1149273
2024-10-17T17:03:06.344607+0300 | INFO | Обрабатываем машину: https://carskorea.shop/car/view/1148966
2024-10-17T17:03:06.720865+0300 | INFO | Машина обработана: https://carskorea.shop/car/view/1148966
2024-10-17T17:03:06.722368+0300 | INFO | Обрабатываем машину: https://carskorea.shop/car/view/1148560
2024-10-17T17:03:07.331561+0300 | INFO | Машина обработана: https://carskorea.shop/car/view/1148560
2024-10-17T17:03:07.333163+0300 | INFO | Обрабатываем машину: https://carskorea.shop/car/view/1147788
2024-10-17T17:03:07.876568+0300 | INFO | Машина обработана: https://carskorea.shop/car/view/1147788
2024-10-17T17:03:07.878177+0300 | INFO | Обрабатываем машину: https://carskorea.shop/car/view/1147395
2024-10-17T17:03:08.322472+0300 | INFO | Машина обработана: https://carskorea.shop/car/view/1147395
2024-10-17T17:03:08.324208+0300 | INFO | Обрабатываем машину: https://carskorea.shop/car/view/1146098
2024-10-17T17:03:08.914606+0300 | INFO | Машина обработана: https://carskorea.shop/car/view/1146098
2024-10-17T17:03:08.916255+0300 | INFO | Обрабатываем машину: https://carskorea.shop/car/view/1146078
2024-10-17T17:03:09.362733+0300 | INFO | Машина обработана: https://carskorea.shop/car/view/1146078
2024-10-17T17:03:09.364205+0300 | INFO | Обрабатываем машину: https://carskorea.shop/car/view/1145983
2024-10-17T17:03:09.796468+0300 | INFO | Машина обработана: https://carskorea.shop/car/view/1145983
2024-10-17T17:03:09.798120+0300 | INFO | Обрабатываем машину: https://carskorea.shop/car/view/1145850
2024-10-17T17:03:10.253155+0300 | INFO | Машина обработана: https://carskorea.shop/car/view/1145850
2024-10-17T17:03:10.254830+0300 | INFO | Обрабатываем машину: https://carskorea.shop/car/view/1145148
2024-10-17T17:03:10.716201+0300 | INFO | Машина обработана: https://carskorea.shop/car/view/1145148
2024-10-17T17:03:10.717783+0300 | INFO | Обрабатываем машину: https://carskorea.shop/car/view/1144842
2024-10-17T17:03:11.172872+0300 | INFO | Машина обработана: https://carskorea.shop/car/view/1144842
2024-10-17T17:03:11.174671+0300 | INFO | Обрабатываем машину: https://carskorea.shop/car/view/1144078
2024-10-17T17:03:11.544386+0300 | INFO | Машина обработана: https://carskorea.shop/car/view/1144078
2024-10-17T17:03:11.549153+0300 | INFO | Обрабатываем машину: https://carskorea.shop/car/view/1140456
2024-10-17T17:03:12.124974+0300 | INFO | Машина обработана: https://carskorea.shop/car/view/1140456
2024-10-17T17:03:12.126645+0300 | INFO | Обрабатываем машину: https://carskorea.shop/car/view/1140454
2024-10-17T17:03:12.567442+0300 | INFO | Машина обработана: https://carskorea.shop/car/view/1140454
2024-10-17T17:03:12.569191+0300 | INFO | Обрабатываем машину: https://carskorea.shop/car/view/1140344
2024-10-17T17:03:13.005974+0300 | INFO | Машина обработана: https://carskorea.shop/car/view/1140344
2024-10-17T17:03:13.007658+0300 | INFO | Обрабатываем машину: https://carskorea.shop/car/view/1140192
2024-10-17T17:03:13.417384+0300 | INFO | Машина обработана: https://carskorea.shop/car/view/1140192
2024-10-17T17:03:13.419195+0300 | INFO | Обрабатываем машину: https://carskorea.shop/car/view/1139538
2024-10-17T17:03:14.037543+0300 | INFO | Машина обработана: https://carskorea.shop/car/view/1139538
2024-10-17T17:03:14.039293+0300 | INFO | Обрабатываем машину: https://carskorea.shop/car/view/1139270
2024-10-17T17:03:14.568477+0300 | INFO | Машина обработана: https://carskorea.shop/car/view/1139270
2024-10-17T17:03:14.570089+0300 | INFO | Обрабатываем машину: https://carskorea.shop/car/view/1138222
2024-10-17T17:03:15.007438+0300 | INFO | Машина обработана: https://carskorea.shop/car/view/1138222
2024-10-17T17:03:15.009113+0300 | INFO | Обрабатываем машину: https://carskorea.shop/car/view/1136894
2024-10-17T17:03:15.896368+0300 | INFO | Машина обработана: https://carskorea.shop/car/view/1136894
2024-10-17T17:03:15.898215+0300 | INFO | Обрабатываем машину: https://carskorea.shop/car/view/1136113
2024-10-17T17:03:16.323423+0300 | INFO | Машина обработана: https://carskorea.shop/car/view/1136113
2024-10-17T17:03:16.325131+0300 | INFO | Обрабатываем машину: https://carskorea.shop/car/view/1135338
2024-10-17T17:03:16.990424+0300 | INFO | Машина обработана: https://carskorea.shop/car/view/1135338
2024-10-17T17:03:16.992242+0300 | INFO | Обрабатываем машину: https://carskorea.shop/car/view/1135204
2024-10-17T17:03:17.444007+0300 | INFO | Машина обработана: https://carskorea.shop/car/view/1135204
2024-10-17T17:03:17.445566+0300 | INFO | Обрабатываем машину: https://carskorea.shop/car/view/1135085
2024-10-17T17:03:17.947563+0300 | INFO | Машина обработана: https://carskorea.shop/car/view/1135085
2024-10-17T17:03:17.949247+0300 | INFO | Обрабатываем машину: https://carskorea.shop/car/view/1134497
2024-10-17T17:03:18.531256+0300 | INFO | Машина обработана: https://carskorea.shop/car/view/1134497
2024-10-17T17:03:18.532761+0300 | INFO | Обрабатываем машину: https://carskorea.shop/car/view/1134310
2024-10-17T17:03:19.153116+0300 | INFO | Машина обработана: https://carskorea.shop/car/view/1134310
2024-10-17T17:03:19.154831+0300 | INFO | Обрабатываем машину: https://carskorea.shop/car/view/1134307
2024-10-17T17:03:19.553178+0300 | INFO | Машина обработана: https://carskorea.shop/car/view/1134307
2024-10-17T17:03:19.554955+0300 | INFO | Обрабатываем машину: https://carskorea.shop/car/view/1134305
2024-10-17T17:03:20.111491+0300 | INFO | Машина обработана: https://carskorea.shop/car/view/1134305
2024-10-17T17:03:20.113191+0300 | INFO | Обрабатываем машину: https://carskorea.shop/car/view/1133713
2024-10-17T17:03:20.768251+0300 | INFO | Машина обработана: https://carskorea.shop/car/view/1133713
2024-10-17T17:03:20.769707+0300 | INFO | Обрабатываем машину: https://carskorea.shop/car/view/1133692
2024-10-17T17:03:21.377667+0300 | INFO | Машина обработана: https://carskorea.shop/car/view/1133692
2024-10-17T17:03:21.379247+0300 | INFO | Обрабатываем машину: https://carskorea.shop/car/view/1132356
2024-10-17T17:03:21.771027+0300 | INFO | Машина обработана: https://carskorea.shop/car/view/1132356
2024-10-17T17:03:21.772054+0300 | INFO | Обрабатываем машину: https://carskorea.shop/car/view/1132337
2024-10-17T17:03:22.318157+0300 | INFO | Машина обработана: https://carskorea.shop/car/view/1132337
2024-10-17T17:03:22.319908+0300 | INFO | Обрабатываем машину: https://carskorea.shop/car/view/1130738
2024-10-17T17:03:22.674826+0300 | INFO | Машина обработана: https://carskorea.shop/car/view/1130738
2024-10-17T17:03:22.676450+0300 | INFO | Обрабатываем машину: https://carskorea.shop/car/view/1130527
2024-10-17T17:03:23.105202+0300 | INFO | Машина обработана: https://carskorea.shop/car/view/1130527
2024-10-17T17:03:23.106828+0300 | INFO | Обрабатываем машину: https://carskorea.shop/car/view/1130117
2024-10-17T17:03:23.640781+0300 | INFO | Машина обработана: https://carskorea.shop/car/view/1130117
2024-10-17T17:03:23.642429+0300 | INFO | Обрабатываем машину: https://carskorea.shop/car/view/1129906
2024-10-17T17:03:23.962989+0300 | INFO | Машина обработана: https://carskorea.shop/car/view/1129906
2024-10-17T17:03:23.964843+0300 | INFO | Обрабатываем машину: https://carskorea.shop/car/view/1129733
2024-10-17T17:03:24.506261+0300 | INFO | Машина обработана: https://carskorea.shop/car/view/1129733
2024-10-17T17:03:24.507970+0300 | INFO | Обрабатываем машину: https://carskorea.shop/car/view/1129731
2024-10-17T17:03:24.994627+0300 | INFO | Машина обработана: https://carskorea.shop/car/view/1129731
2024-10-17T17:03:24.996313+0300 | INFO | Обрабатываем машину: https://carskorea.shop/car/view/1129730
2024-10-17T17:03:25.625146+0300 | INFO | Машина обработана: https://carskorea.shop/car/view/1129730
2024-10-17T17:03:25.626766+0300 | INFO | Обрабатываем машину: https://carskorea.shop/car/view/1129723
2024-10-17T17:03:26.102047+0300 | INFO | Машина обработана: https://carskorea.shop/car/view/1129723
2024-10-17T17:03:26.103725+0300 | INFO | Обрабатываем машину: https://carskorea.shop/car/view/1129721
2024-10-17T17:03:26.525420+0300 | INFO | Машина обработана: https://carskorea.shop/car/view/1129721
2024-10-17T17:03:26.527154+0300 | INFO | Обрабатываем машину: https://carskorea.shop/car/view/1129566
2024-10-17T17:03:26.959876+0300 | INFO | Машина обработана: https://carskorea.shop/car/view/1129566
2024-10-17T17:03:26.961610+0300 | INFO | Обрабатываем машину: https://carskorea.shop/car/view/1128629
2024-10-17T17:03:27.493405+0300 | INFO | Машина обработана: https://carskorea.shop/car/view/1128629
2024-10-17T17:03:27.494946+0300 | INFO | Обрабатываем машину: https://carskorea.shop/car/view/1128547
2024-10-17T17:03:27.888321+0300 | INFO | Машина обработана: https://carskorea.shop/car/view/1128547
2024-10-17T17:03:27.889937+0300 | INFO | Обрабатываем машину: https://carskorea.shop/car/view/1128484
2024-10-17T17:03:28.437263+0300 | INFO | Машина обработана: https://carskorea.shop/car/view/1128484
2024-10-17T17:03:28.438997+0300 | INFO | Обрабатываем машину: https://carskorea.shop/car/view/1127452
2024-10-17T17:03:29.076568+0300 | INFO | Машина обработана: https://carskorea.shop/car/view/1127452
2024-10-17T17:03:29.078279+0300 | INFO | Обрабатываем машину: https://carskorea.shop/car/view/1127434
2024-10-17T17:03:29.417150+0300 | INFO | Машина обработана: https://carskorea.shop/car/view/1127434
2024-10-17T17:03:29.418480+0300 | INFO | Обрабатываем машину: https://carskorea.shop/car/view/1127014
2024-10-17T17:03:30.025096+0300 | INFO | Машина обработана: https://carskorea.shop/car/view/1127014
2024-10-17T17:03:30.026795+0300 | INFO | Обрабатываем машину: https://carskorea.shop/car/view/1124948
2024-10-17T17:03:30.363371+0300 | INFO | Машина обработана: https://carskorea.shop/car/view/1124948
2024-10-17T17:03:30.365040+0300 | INFO | Обрабатываем машину: https://carskorea.shop/car/view/1124657
2024-10-17T17:03:30.845329+0300 | INFO | Машина обработана: https://carskorea.shop/car/view/1124657
2024-10-17T17:03:30.846859+0300 | INFO | Обрабатываем машину: https://carskorea.shop/car/view/1123115
2024-10-17T17:03:31.312737+0300 | INFO | Машина обработана: https://carskorea.shop/car/view/1123115
2024-10-17T17:03:31.314230+0300 | INFO | Обрабатываем машину: https://carskorea.shop/car/view/1121957
2024-10-17T17:03:31.834347+0300 | INFO | Машина обработана: https://carskorea.shop/car/view/1121957
2024-10-17T17:03:31.835869+0300 | INFO | Обрабатываем машину: https://carskorea.shop/car/view/1121762
2024-10-17T17:03:32.235938+0300 | INFO | Машина обработана: https://carskorea.shop/car/view/1121762
2024-10-17T17:03:32.237449+0300 | INFO | Обрабатываем машину: https://carskorea.shop/car/view/1121558
2024-10-17T17:03:32.564941+0300 | INFO | Машина обработана: https://carskorea.shop/car/view/1121558
2024-10-17T17:03:32.566411+0300 | INFO | Обрабатываем машину: https://carskorea.shop/car/view/1121515
2024-10-17T17:03:32.897029+0300 | INFO | Машина обработана: https://carskorea.shop/car/view/1121515
2024-10-17T17:03:32.898488+0300 | INFO | Обрабатываем машину: https://carskorea.shop/car/view/1118120
2024-10-17T17:03:33.277809+0300 | INFO | Машина обработана: https://carskorea.shop/car/view/1118120
2024-10-17T17:03:33.278576+0300 | INFO | Обрабатываем машину: https://carskorea.shop/car/view/1117842
2024-10-17T17:03:33.642000+0300 | INFO | Машина обработана: https://carskorea.shop/car/view/1117842
2024-10-17T17:03:33.643534+0300 | INFO | Обрабатываем машину: https://carskorea.shop/car/view/1116863
2024-10-17T17:03:33.996759+0300 | INFO | Машина обработана: https://carskorea.shop/car/view/1116863
2024-10-17T17:03:33.997449+0300 | INFO | Обрабатываем машину: https://carskorea.shop/car/view/1116718
2024-10-17T17:03:34.343581+0300 | INFO | Машина обработана: https://carskorea.shop/car/view/1116718
2024-10-17T17:03:34.345028+0300 | INFO | Обрабатываем машину: https://carskorea.shop/car/view/1116583
2024-10-17T17:03:34.697292+0300 | INFO | Машина обработана: https://carskorea.shop/car/view/1116583
2024-10-17T17:03:34.698934+0300 | INFO | Обрабатываем машину: https://carskorea.shop/car/view/1115559
2024-10-17T17:03:35.095018+0300 | INFO | Машина обработана: https://carskorea.shop/car/view/1115559
2024-10-17T17:03:35.096253+0300 | INFO | Обрабатываем машину: https://carskorea.shop/car/view/1113687
2024-10-17T17:03:35.507095+0300 | INFO | Машина обработана: https://carskorea.shop/car/view/1113687
2024-10-17T17:03:35.508649+0300 | INFO | Обрабатываем машину: https://carskorea.shop/car/view/1112662
2024-10-17T17:03:35.851993+0300 | INFO | Машина обработана: https://carskorea.shop/car/view/1112662
2024-10-17T17:03:35.853492+0300 | INFO | Обрабатываем машину: https://carskorea.shop/car/view/1112159
2024-10-17T17:03:36.214159+0300 | INFO | Машина обработана: https://carskorea.shop/car/view/1112159
2024-10-17T17:03:36.215681+0300 | INFO | Обрабатываем машину: https://carskorea.shop/car/view/1110408
2024-10-17T17:03:36.573377+0300 | INFO | Машина обработана: https://carskorea.shop/car/view/1110408
2024-10-17T17:03:36.575126+0300 | INFO | Обрабатываем машину: https://carskorea.shop/car/view/1108846
2024-10-17T17:03:36.934698+0300 | INFO | Машина обработана: https://carskorea.shop/car/view/1108846
2024-10-17T17:03:36.936268+0300 | INFO | Обрабатываем машину: https://carskorea.shop/car/view/1108144
2024-10-17T17:03:37.418106+0300 | INFO | Машина обработана: https://carskorea.shop/car/view/1108144
2024-10-17T17:03:37.422853+0300 | INFO | Обрабатываем машину: https://carskorea.shop/car/view/1104488
2024-10-17T17:03:38.067136+0300 | INFO | Машина обработана: https://carskorea.shop/car/view/1104488
2024-10-17T17:03:38.068370+0300 | INFO | Обрабатываем машину: https://carskorea.shop/car/view/1103246
2024-10-17T17:03:38.535344+0300 | INFO | Машина обработана: https://carskorea.shop/car/view/1103246
2024-10-17T17:03:38.537109+0300 | INFO | Обрабатываем машину: https://carskorea.shop/car/view/1103135
2024-10-17T17:03:38.980824+0300 | INFO | Машина обработана: https://carskorea.shop/car/view/1103135
2024-10-17T17:03:38.982688+0300 | INFO | Обрабатываем машину: https://carskorea.shop/car/view/1102490
2024-10-17T17:03:39.291311+0300 | INFO | Машина обработана: https://carskorea.shop/car/view/1102490
2024-10-17T17:03:39.292906+0300 | INFO | Обрабатываем машину: https://carskorea.shop/car/view/1101734
2024-10-17T17:03:39.622469+0300 | INFO | Машина обработана: https://carskorea.shop/car/view/1101734
2024-10-17T17:03:39.624146+0300 | INFO | Обрабатываем машину: https://carskorea.shop/car/view/1100795
2024-10-17T17:03:39.947969+0300 | INFO | Машина обработана: https://carskorea.shop/car/view/1100795
2024-10-17T17:03:39.949624+0300 | INFO | Обрабатываем машину: https://carskorea.shop/car/view/1094890
2024-10-17T17:03:40.312252+0300 | INFO | Машина обработана: https://carskorea.shop/car/view/1094890
2024-10-17T17:03:40.313941+0300 | INFO | Обрабатываем машину: https://carskorea.shop/car/view/1094784
2024-10-17T17:03:40.718959+0300 | INFO | Машина обработана: https://carskorea.shop/car/view/1094784
2024-10-17T17:03:40.720547+0300 | INFO | Обрабатываем машину: https://carskorea.shop/car/view/1093279
2024-10-17T17:03:41.089798+0300 | INFO | Машина обработана: https://carskorea.shop/car/view/1093279
2024-10-17T17:03:41.091442+0300 | INFO | Обрабатываем машину: https://carskorea.shop/car/view/1092816
2024-10-17T17:03:41.415664+0300 | INFO | Машина обработана: https://carskorea.shop/car/view/1092816
2024-10-17T17:03:41.417058+0300 | INFO | Обрабатываем машину: https://carskorea.shop/car/view/1092749
2024-10-17T17:03:41.761196+0300 | INFO | Машина обработана: https://carskorea.shop/car/view/1092749
2024-10-17T17:03:41.762461+0300 | INFO | Обрабатываем машину: https://carskorea.shop/car/view/1090916
2024-10-17T17:03:42.093847+0300 | INFO | Машина обработана: https://carskorea.shop/car/view/1090916
2024-10-17T17:03:42.095661+0300 | INFO | Обрабатываем машину: https://carskorea.shop/car/view/1089387
2024-10-17T17:03:42.414225+0300 | INFO | Машина обработана: https://carskorea.shop/car/view/1089387
2024-10-17T17:03:42.415841+0300 | INFO | Обрабатываем машину: https://carskorea.shop/car/view/1087878
2024-10-17T17:03:42.841780+0300 | INFO | Машина обработана: https://carskorea.shop/car/view/1087878
2024-10-17T17:03:42.842992+0300 | INFO | Обрабатываем машину: https://carskorea.shop/car/view/1087570
2024-10-17T17:03:43.169943+0300 | INFO | Машина обработана: https://carskorea.shop/car/view/1087570
2024-10-17T17:03:43.171618+0300 | INFO | Обрабатываем машину: https://carskorea.shop/car/view/1087204
2024-10-17T17:03:43.470856+0300 | INFO | Машина обработана: https://carskorea.shop/car/view/1087204
2024-10-17T17:03:43.472488+0300 | INFO | Обрабатываем машину: https://carskorea.shop/car/view/1086906
2024-10-17T17:03:43.792942+0300 | INFO | Машина обработана: https://carskorea.shop/car/view/1086906
2024-10-17T17:03:43.794557+0300 | INFO | Обрабатываем машину: https://carskorea.shop/car/view/1085725
2024-10-17T17:03:44.109144+0300 | INFO | Машина обработана: https://carskorea.shop/car/view/1085725
2024-10-17T17:03:44.110777+0300 | INFO | Обрабатываем машину: https://carskorea.shop/car/view/1084557
2024-10-17T17:03:44.432380+0300 | INFO | Машина обработана: https://carskorea.shop/car/view/1084557
2024-10-17T17:03:44.433868+0300 | INFO | Обрабатываем машину: https://carskorea.shop/car/view/1084368
2024-10-17T17:03:44.812952+0300 | INFO | Машина обработана: https://carskorea.shop/car/view/1084368
2024-10-17T17:03:44.814700+0300 | INFO | Обрабатываем машину: https://carskorea.shop/car/view/1083764
2024-10-17T17:03:45.171226+0300 | INFO | Машина обработана: https://carskorea.shop/car/view/1083764
2024-10-17T17:03:45.172759+0300 | INFO | Обрабатываем машину: https://carskorea.shop/car/view/1083710
2024-10-17T17:03:45.725707+0300 | INFO | Машина обработана: https://carskorea.shop/car/view/1083710
2024-10-17T17:03:45.727430+0300 | INFO | Обрабатываем машину: https://carskorea.shop/car/view/1083261
2024-10-17T17:03:46.084599+0300 | INFO | Машина обработана: https://carskorea.shop/car/view/1083261
2024-10-17T17:03:46.086211+0300 | INFO | Обрабатываем машину: https://carskorea.shop/car/view/1083189
2024-10-17T17:03:46.628317+0300 | INFO | Машина обработана: https://carskorea.shop/car/view/1083189
2024-10-17T17:03:46.629960+0300 | INFO | Обрабатываем машину: https://carskorea.shop/car/view/1082157
2024-10-17T17:03:46.985635+0300 | INFO | Машина обработана: https://carskorea.shop/car/view/1082157
2024-10-17T17:03:46.987277+0300 | INFO | Обрабатываем машину: https://carskorea.shop/car/view/1080939
2024-10-17T17:03:47.395858+0300 | INFO | Машина обработана: https://carskorea.shop/car/view/1080939
2024-10-17T17:03:47.397480+0300 | INFO | Обрабатываем машину: https://carskorea.shop/car/view/1080471
2024-10-17T17:03:47.988263+0300 | INFO | Машина обработана: https://carskorea.shop/car/view/1080471
2024-10-17T17:03:47.990064+0300 | INFO | Обрабатываем машину: https://carskorea.shop/car/view/1076735
2024-10-17T17:03:48.450680+0300 | INFO | Машина обработана: https://carskorea.shop/car/view/1076735
2024-10-17T17:03:48.451842+0300 | INFO | Обрабатываем машину: https://carskorea.shop/car/view/1076007
2024-10-17T17:03:48.891324+0300 | INFO | Машина обработана: https://carskorea.shop/car/view/1076007
2024-10-17T17:03:48.893010+0300 | INFO | Обрабатываем машину: https://carskorea.shop/car/view/1075560
2024-10-17T17:03:49.217443+0300 | INFO | Машина обработана: https://carskorea.shop/car/view/1075560
2024-10-17T17:03:49.219224+0300 | INFO | Обрабатываем машину: https://carskorea.shop/car/view/1074964
2024-10-17T17:03:49.793257+0300 | INFO | Машина обработана: https://carskorea.shop/car/view/1074964
2024-10-17T17:03:49.794827+0300 | INFO | Обрабатываем машину: https://carskorea.shop/car/view/1074374
2024-10-17T17:03:50.186404+0300 | INFO | Машина обработана: https://carskorea.shop/car/view/1074374
2024-10-17T17:03:50.187783+0300 | INFO | Обрабатываем машину: https://carskorea.shop/car/view/1074373
2024-10-17T17:03:50.504520+0300 | INFO | Машина обработана: https://carskorea.shop/car/view/1074373
2024-10-17T17:03:50.506172+0300 | INFO | Обрабатываем машину: https://carskorea.shop/car/view/1074350
2024-10-17T17:03:50.912969+0300 | INFO | Машина обработана: https://carskorea.shop/car/view/1074350
2024-10-17T17:03:50.914647+0300 | INFO | Обрабатываем машину: https://carskorea.shop/car/view/1072053
2024-10-17T17:03:51.344942+0300 | INFO | Машина обработана: https://carskorea.shop/car/view/1072053
2024-10-17T17:03:51.346562+0300 | INFO | Обрабатываем машину: https://carskorea.shop/car/view/1070151
2024-10-17T17:03:51.813734+0300 | INFO | Машина обработана: https://carskorea.shop/car/view/1070151
2024-10-17T17:03:51.815409+0300 | INFO | Обрабатываем машину: https://carskorea.shop/car/view/1067324
2024-10-17T17:03:52.222758+0300 | INFO | Машина обработана: https://carskorea.shop/car/view/1067324
2024-10-17T17:03:52.224427+0300 | INFO | Обрабатываем машину: https://carskorea.shop/car/view/1065564
2024-10-17T17:03:52.717604+0300 | INFO | Машина обработана: https://carskorea.shop/car/view/1065564
2024-10-17T17:03:52.719262+0300 | INFO | Обрабатываем машину: https://carskorea.shop/car/view/1064779
2024-10-17T17:03:53.094578+0300 | INFO | Машина обработана: https://carskorea.shop/car/view/1064779
2024-10-17T17:03:53.095661+0300 | INFO | Обрабатываем машину: https://carskorea.shop/car/view/1064264
2024-10-17T17:03:53.544975+0300 | INFO | Машина обработана: https://carskorea.shop/car/view/1064264
2024-10-17T17:03:53.546805+0300 | INFO | Обрабатываем машину: https://carskorea.shop/car/view/1064238
2024-10-17T17:03:53.967156+0300 | INFO | Машина обработана: https://carskorea.shop/car/view/1064238
2024-10-17T17:03:53.968807+0300 | INFO | Обрабатываем машину: https://carskorea.shop/car/view/1064118
2024-10-17T17:03:54.362558+0300 | INFO | Машина обработана: https://carskorea.shop/car/view/1064118
2024-10-17T17:03:54.364124+0300 | INFO | Обрабатываем машину: https://carskorea.shop/car/view/1063881
2024-10-17T17:03:54.997276+0300 | INFO | Машина обработана: https://carskorea.shop/car/view/1063881
2024-10-17T17:03:54.998924+0300 | INFO | Обрабатываем машину: https://carskorea.shop/car/view/1063750
2024-10-17T17:03:55.815827+0300 | INFO | Машина обработана: https://carskorea.shop/car/view/1063750
2024-10-17T17:03:55.816925+0300 | INFO | Обрабатываем машину: https://carskorea.shop/car/view/1063733
2024-10-17T17:03:56.307648+0300 | INFO | Машина обработана: https://carskorea.shop/car/view/1063733
2024-10-17T17:03:56.309379+0300 | INFO | Обрабатываем машину: https://carskorea.shop/car/view/1062695
2024-10-17T17:03:56.961091+0300 | INFO | Машина обработана: https://carskorea.shop/car/view/1062695
2024-10-17T17:03:56.962793+0300 | INFO | Обрабатываем машину: https://carskorea.shop/car/view/1061879
2024-10-17T17:03:57.577818+0300 | INFO | Машина обработана: https://carskorea.shop/car/view/1061879
2024-10-17T17:03:57.579694+0300 | INFO | Обрабатываем машину: https://carskorea.shop/car/view/1061877
2024-10-17T17:03:58.216323+0300 | INFO | Машина обработана: https://carskorea.shop/car/view/1061877
2024-10-17T17:03:58.217555+0300 | INFO | Обрабатываем машину: https://carskorea.shop/car/view/1061406
2024-10-17T17:03:58.854172+0300 | INFO | Машина обработана: https://carskorea.shop/car/view/1061406
2024-10-17T17:03:58.855070+0300 | INFO | Обрабатываем машину: https://carskorea.shop/car/view/1057761
2024-10-17T17:03:59.492434+0300 | INFO | Машина обработана: https://carskorea.shop/car/view/1057761
2024-10-17T17:03:59.493612+0300 | INFO | Обрабатываем машину: https://carskorea.shop/car/view/1056358
2024-10-17T17:04:00.129771+0300 | INFO | Машина обработана: https://carskorea.shop/car/view/1056358
2024-10-17T17:04:00.130974+0300 | INFO | Обрабатываем машину: https://carskorea.shop/car/view/1055708
2024-10-17T17:04:00.448344+0300 | INFO | Машина обработана: https://carskorea.shop/car/view/1055708
2024-10-17T17:04:00.449254+0300 | INFO | Обрабатываем машину: https://carskorea.shop/car/view/1054649
2024-10-17T17:04:01.080384+0300 | INFO | Машина обработана: https://carskorea.shop/car/view/1054649
2024-10-17T17:04:01.082069+0300 | INFO | Обрабатываем машину: https://carskorea.shop/car/view/1054609
2024-10-17T17:04:01.746874+0300 | INFO | Машина обработана: https://carskorea.shop/car/view/1054609
2024-10-17T17:04:01.747966+0300 | INFO | Обрабатываем машину: https://carskorea.shop/car/view/1053814
2024-10-17T17:04:02.435235+0300 | INFO | Машина обработана: https://carskorea.shop/car/view/1053814
2024-10-17T17:04:02.436444+0300 | INFO | Обрабатываем машину: https://carskorea.shop/car/view/1052976
2024-10-17T17:04:03.019456+0300 | INFO | Машина обработана: https://carskorea.shop/car/view/1052976
2024-10-17T17:04:03.021017+0300 | INFO | Обрабатываем машину: https://carskorea.shop/car/view/1051576
